This file contains any messages produced by compilers while
running configure, to aid debugging if configure makes a mistake.

It was created by configure, which was
generated by GNU Autoconf 2.62.  Invocation command line was

  $ ./configure --with-mp4v2 --with-pic

## --------- ##
## Platform. ##
## --------- ##

hostname = Crackotage
uname -m = i386
uname -r = 9.2.0
uname -s = Darwin
uname -v = Darwin Kernel Version 9.2.0: Sun Mar  2 00:35:29 SCT 2008; made by ToH:xnu-1228/BUILD/obj/RELEASE_I386

/usr/bin/uname -p = i386
/bin/uname -X     = unknown

/bin/arch              = unknown
/usr/bin/arch -k       = unknown
/usr/convex/getsysinfo = unknown
/usr/bin/hostinfo      = Mach kernel version:
	 Darwin Kernel Version 9.2.0: Sun Mar  2 00:35:29 SCT 2008; made by ToH:xnu-1228/BUILD/obj/RELEASE_I386
Kernel configured for up to 2 processors.
2 processors are physically available.
2 processors are logically available.
Processor type: i486 (Intel 80486)
Processors active: 0 1
Primary memory available: 3.00 gigabytes
Default processor set: 69 tasks, 307 threads, 2 processors
Load average: 1.53, Mach factor: 0.82
/bin/machine           = unknown
/usr/bin/oslevel       = unknown
/bin/universe          = unknown

PATH: /opt/local/bin
PATH: /usr/bin
PATH: /bin
PATH: /usr/sbin
PATH: /sbin
PATH: /usr/local/bin
PATH: /usr/X11/bin


## ----------- ##
## Core tests. ##
## ----------- ##

configure:2084: checking for a BSD-compatible install
configure:2152: result: /usr/bin/install -c
configure:2163: checking whether build environment is sane
configure:2206: result: yes
configure:2231: checking for a thread-safe mkdir -p
configure:2270: result: ./install-sh -c -d
configure:2283: checking for gawk
configure:2299: found /opt/local/bin/gawk
configure:2310: result: gawk
configure:2321: checking whether make sets $(MAKE)
configure:2343: result: yes
configure:2610: checking build system type
configure:2628: result: i386-apple-darwin9.2.0
configure:2650: checking host system type
configure:2665: result: i386-apple-darwin9.2.0
configure:2699: checking for style of include used by make
configure:2727: result: GNU
configure:2797: checking for gcc
configure:2813: found /usr/bin/gcc
configure:2824: result: gcc
configure:3062: checking for C compiler version
configure:3070: gcc --version >&5
i686-apple-darwin9-gcc-4.0.1 (GCC) 4.0.1 (Apple Inc. build 5484)
Copyright (C) 2005 Free Software Foundation, Inc.
This is free software; see the source for copying conditions.  There is NO
warranty; not even for MERCHANTABILITY or FITNESS FOR A PARTICULAR PURPOSE.

configure:3074: $? = 0
configure:3081: gcc -v >&5
Using built-in specs.
Target: i686-apple-darwin9
Configured with: /var/tmp/gcc/gcc-5484~1/src/configure --disable-checking -enable-werror --prefix=/usr --mandir=/share/man --enable-languages=c,objc,c++,obj-c++ --program-transform-name=/^[cg][^.-]*$/s/$/-4.0/ --with-gxx-include-dir=/include/c++/4.0.0 --with-slibdir=/usr/lib --build=i686-apple-darwin9 --with-arch=apple --with-tune=generic --host=i686-apple-darwin9 --target=i686-apple-darwin9
Thread model: posix
gcc version 4.0.1 (Apple Inc. build 5484)
configure:3085: $? = 0
configure:3092: gcc -V >&5
gcc-4.0: argument to `-V' is missing
configure:3096: $? = 1
configure:3119: checking for C compiler default output file name
configure:3141: gcc    conftest.c  >&5
configure:3145: $? = 0
configure:3183: result: a.out
configure:3200: checking whether the C compiler works
configure:3210: ./a.out
configure:3214: $? = 0
configure:3231: result: yes
configure:3238: checking whether we are cross compiling
configure:3240: result: no
configure:3243: checking for suffix of executables
configure:3250: gcc -o conftest    conftest.c  >&5
configure:3254: $? = 0
configure:3278: result: 
configure:3284: checking for suffix of object files
configure:3310: gcc -c   conftest.c >&5
configure:3314: $? = 0
configure:3337: result: o
configure:3341: checking whether we are using the GNU C compiler
configure:3370: gcc -c   conftest.c >&5
configure:3377: $? = 0
configure:3394: result: yes
configure:3403: checking whether gcc accepts -g
configure:3433: gcc -c -g  conftest.c >&5
configure:3440: $? = 0
configure:3541: result: yes
configure:3558: checking for gcc option to accept ISO C89
configure:3632: gcc  -c -g -O2  conftest.c >&5
configure:3639: $? = 0
configure:3662: result: none needed
configure:3682: checking dependency style of gcc
configure:3773: result: gcc3
configure:3788: checking for a sed that does not truncate output
configure:3844: result: /usr/bin/sed
configure:3847: checking for grep that handles long lines and -e
configure:3907: result: /usr/bin/grep
configure:3912: checking for egrep
configure:3976: result: /usr/bin/grep -E
configure:3992: checking for ld used by gcc
configure:4059: result: /usr/libexec/gcc/i686-apple-darwin9/4.0.1/ld
configure:4068: checking if the linker (/usr/libexec/gcc/i686-apple-darwin9/4.0.1/ld) is GNU ld
configure:4083: result: no
configure:4088: checking for /usr/libexec/gcc/i686-apple-darwin9/4.0.1/ld option to reload object files
configure:4095: result: -r
configure:4113: checking for BSD-compatible nm
configure:4162: result: /usr/bin/nm -p
configure:4166: checking whether ln -s works
configure:4170: result: yes
configure:4177: checking how to recognize dependent libraries
configure:4363: result: pass_all
configure:4612: checking how to run the C preprocessor
configure:4652: gcc -E  conftest.c
configure:4659: $? = 0
configure:4690: gcc -E  conftest.c
conftest.c:10:28: error: ac_nonexistent.h: No such file or directory
configure:4697: $? = 1
configure: failed program was:
| /* confdefs.h.  */
| #define PACKAGE_NAME ""
| #define PACKAGE_TARNAME ""
| #define PACKAGE_VERSION ""
| #define PACKAGE_STRING ""
| #define PACKAGE_BUGREPORT ""
| #define PACKAGE "faad2"
| #define VERSION "2.0"
| /* end confdefs.h.  */
| #include <ac_nonexistent.h>
configure:4730: result: gcc -E
configure:4759: gcc -E  conftest.c
configure:4766: $? = 0
configure:4797: gcc -E  conftest.c
conftest.c:10:28: error: ac_nonexistent.h: No such file or directory
configure:4804: $? = 1
configure: failed program was:
| /* confdefs.h.  */
| #define PACKAGE_NAME ""
| #define PACKAGE_TARNAME ""
| #define PACKAGE_VERSION ""
| #define PACKAGE_STRING ""
| #define PACKAGE_BUGREPORT ""
| #define PACKAGE "faad2"
| #define VERSION "2.0"
| /* end confdefs.h.  */
| #include <ac_nonexistent.h>
configure:4842: checking for ANSI C header files
configure:4872: gcc -c -g -O2  conftest.c >&5
configure:4879: $? = 0
configure:4978: gcc -o conftest -g -O2   conftest.c  >&5
configure:4982: $? = 0
configure:4988: ./conftest
configure:4992: $? = 0
configure:5010: result: yes
configure:5034: checking for sys/types.h
configure:5055: gcc -c -g -O2  conftest.c >&5
configure:5062: $? = 0
configure:5079: result: yes
configure:5034: checking for sys/stat.h
configure:5055: gcc -c -g -O2  conftest.c >&5
configure:5062: $? = 0
configure:5079: result: yes
configure:5034: checking for stdlib.h
configure:5055: gcc -c -g -O2  conftest.c >&5
configure:5062: $? = 0
configure:5079: result: yes
configure:5034: checking for string.h
configure:5055: gcc -c -g -O2  conftest.c >&5
configure:5062: $? = 0
configure:5079: result: yes
configure:5034: checking for memory.h
configure:5055: gcc -c -g -O2  conftest.c >&5
configure:5062: $? = 0
configure:5079: result: yes
configure:5034: checking for strings.h
configure:5055: gcc -c -g -O2  conftest.c >&5
configure:5062: $? = 0
configure:5079: result: yes
configure:5034: checking for inttypes.h
configure:5055: gcc -c -g -O2  conftest.c >&5
configure:5062: $? = 0
configure:5079: result: yes
configure:5034: checking for stdint.h
configure:5055: gcc -c -g -O2  conftest.c >&5
configure:5062: $? = 0
configure:5079: result: yes
configure:5034: checking for unistd.h
configure:5055: gcc -c -g -O2  conftest.c >&5
configure:5062: $? = 0
configure:5079: result: yes
configure:5108: checking dlfcn.h usability
configure:5125: gcc -c -g -O2  conftest.c >&5
configure:5132: $? = 0
configure:5146: result: yes
configure:5150: checking dlfcn.h presence
configure:5165: gcc -E  conftest.c
configure:5172: $? = 0
configure:5186: result: yes
configure:5214: checking for dlfcn.h
configure:5223: result: yes
configure:5295: checking for g++
configure:5311: found /usr/bin/g++
configure:5322: result: g++
configure:5353: checking for C++ compiler version
configure:5361: g++ --version >&5
i686-apple-darwin9-g++-4.0.1 (GCC) 4.0.1 (Apple Inc. build 5484)
Copyright (C) 2005 Free Software Foundation, Inc.
This is free software; see the source for copying conditions.  There is NO
warranty; not even for MERCHANTABILITY or FITNESS FOR A PARTICULAR PURPOSE.

configure:5365: $? = 0
configure:5372: g++ -v >&5
Using built-in specs.
Target: i686-apple-darwin9
Configured with: /var/tmp/gcc/gcc-5484~1/src/configure --disable-checking -enable-werror --prefix=/usr --mandir=/share/man --enable-languages=c,objc,c++,obj-c++ --program-transform-name=/^[cg][^.-]*$/s/$/-4.0/ --with-gxx-include-dir=/include/c++/4.0.0 --with-slibdir=/usr/lib --build=i686-apple-darwin9 --with-arch=apple --with-tune=generic --host=i686-apple-darwin9 --target=i686-apple-darwin9
Thread model: posix
gcc version 4.0.1 (Apple Inc. build 5484)
configure:5376: $? = 0
configure:5383: g++ -V >&5
g++-4.0: argument to `-V' is missing
configure:5387: $? = 1
configure:5390: checking whether we are using the GNU C++ compiler
configure:5419: g++ -c   conftest.cpp >&5
configure:5426: $? = 0
configure:5443: result: yes
configure:5452: checking whether g++ accepts -g
configure:5482: g++ -c -g  conftest.cpp >&5
configure:5489: $? = 0
configure:5590: result: yes
configure:5615: checking dependency style of g++
configure:5706: result: gcc3
configure:5731: checking how to run the C++ preprocessor
configure:5767: g++ -E  conftest.cpp
configure:5774: $? = 0
configure:5805: g++ -E  conftest.cpp
conftest.cpp:21:28: error: ac_nonexistent.h: No such file or directory
configure:5812: $? = 1
configure: failed program was:
| /* confdefs.h.  */
| #define PACKAGE_NAME ""
| #define PACKAGE_TARNAME ""
| #define PACKAGE_VERSION ""
| #define PACKAGE_STRING ""
| #define PACKAGE_BUGREPORT ""
| #define PACKAGE "faad2"
| #define VERSION "2.0"
| #define STDC_HEADERS 1
| #define HAVE_SYS_TYPES_H 1
| #define HAVE_SYS_STAT_H 1
| #define HAVE_STDLIB_H 1
| #define HAVE_STRING_H 1
| #define HAVE_MEMORY_H 1
| #define HAVE_STRINGS_H 1
| #define HAVE_INTTYPES_H 1
| #define HAVE_STDINT_H 1
| #define HAVE_UNISTD_H 1
| #define HAVE_DLFCN_H 1
| /* end confdefs.h.  */
| #include <ac_nonexistent.h>
configure:5845: result: g++ -E
configure:5874: g++ -E  conftest.cpp
configure:5881: $? = 0
configure:5912: g++ -E  conftest.cpp
conftest.cpp:21:28: error: ac_nonexistent.h: No such file or directory
configure:5919: $? = 1
configure: failed program was:
| /* confdefs.h.  */
| #define PACKAGE_NAME ""
| #define PACKAGE_TARNAME ""
| #define PACKAGE_VERSION ""
| #define PACKAGE_STRING ""
| #define PACKAGE_BUGREPORT ""
| #define PACKAGE "faad2"
| #define VERSION "2.0"
| #define STDC_HEADERS 1
| #define HAVE_SYS_TYPES_H 1
| #define HAVE_SYS_STAT_H 1
| #define HAVE_STDLIB_H 1
| #define HAVE_STRING_H 1
| #define HAVE_MEMORY_H 1
| #define HAVE_STRINGS_H 1
| #define HAVE_INTTYPES_H 1
| #define HAVE_STDINT_H 1
| #define HAVE_UNISTD_H 1
| #define HAVE_DLFCN_H 1
| /* end confdefs.h.  */
| #include <ac_nonexistent.h>
configure:6012: checking for g77
configure:6042: result: no
configure:6012: checking for xlf
configure:6042: result: no
configure:6012: checking for f77
configure:6042: result: no
configure:6012: checking for frt
configure:6042: result: no
configure:6012: checking for pgf77
configure:6042: result: no
configure:6012: checking for cf77
configure:6042: result: no
configure:6012: checking for fort77
configure:6042: result: no
configure:6012: checking for fl32
configure:6042: result: no
configure:6012: checking for af77
configure:6042: result: no
configure:6012: checking for xlf90
configure:6042: result: no
configure:6012: checking for f90
configure:6042: result: no
configure:6012: checking for pgf90
configure:6042: result: no
configure:6012: checking for pghpf
configure:6042: result: no
configure:6012: checking for epcf90
configure:6042: result: no
configure:6012: checking for gfortran
configure:6042: result: no
configure:6012: checking for g95
configure:6042: result: no
configure:6012: checking for xlf95
configure:6042: result: no
configure:6012: checking for f95
configure:6042: result: no
configure:6012: checking for fort
configure:6042: result: no
configure:6012: checking for ifort
configure:6042: result: no
configure:6012: checking for ifc
configure:6042: result: no
configure:6012: checking for efc
configure:6042: result: no
configure:6012: checking for pgf95
configure:6042: result: no
configure:6012: checking for lf95
configure:6042: result: no
configure:6012: checking for ftn
configure:6042: result: no
configure:6069: checking for Fortran 77 compiler version
configure:6077:  --version >&5
./configure: line 6079: --version: command not found
configure:6081: $? = 127
configure:6088:  -v >&5
./configure: line 6090: -v: command not found
configure:6092: $? = 127
configure:6099:  -V >&5
./configure: line 6101: -V: command not found
configure:6103: $? = 127
configure:6111: checking whether we are using the GNU Fortran 77 compiler
configure:6130:  -c  conftest.F >&5
./configure: line 6132: -c: command not found
configure:6137: $? = 127
configure: failed program was:
|       program main
| #ifndef __GNUC__
|        choke me
| #endif
| 
|       end
configure:6154: result: no
configure:6160: checking whether  accepts -g
configure:6177:  -c -g conftest.f >&5
./configure: line 6179: -c: command not found
configure:6184: $? = 127
configure: failed program was:
|       program main
| 
|       end
configure:6200: result: no
configure:6233: checking the maximum length of command line arguments
configure:6345: result: 196608
configure:6357: checking command to parse /usr/bin/nm -p output from gcc object
configure:6462: gcc -c -g -O2  conftest.c >&5
configure:6465: $? = 0
configure:6469: /usr/bin/nm -p conftest.o \| sed -n -e 's/^.*[ 	]\([BCDEGRST][BCDEGRST]*\)[ 	][ 	]*\([_A-Za-z][_A-Za-z0-9]*\)$/\1 \2 \2/p' \> conftest.nm
configure:6472: $? = 0
cannot find nm_test_var in conftest.nm
configure:6462: gcc -c -g -O2  conftest.c >&5
configure:6465: $? = 0
configure:6469: /usr/bin/nm -p conftest.o \| sed -n -e 's/^.*[ 	]\([BCDEGRST][BCDEGRST]*\)[ 	][ 	]*_\([_A-Za-z][_A-Za-z0-9]*\)$/\1 _\2 \2/p' \> conftest.nm
configure:6472: $? = 0
configure:6524: gcc -o conftest -g -O2   conftest.c conftstm.o >&5
configure:6527: $? = 0
configure:6565: result: ok
configure:6569: checking for objdir
configure:6584: result: .libs
configure:6676: checking for ar
configure:6692: found /usr/bin/ar
configure:6703: result: ar
configure:6772: checking for ranlib
configure:6788: found /usr/bin/ranlib
configure:6799: result: ranlib
configure:6868: checking for strip
configure:6884: found /usr/bin/strip
configure:6895: result: strip
configure:7152: checking for dsymutil
configure:7168: found /usr/bin/dsymutil
configure:7179: result: dsymutil
configure:7248: checking for nmedit
configure:7264: found /usr/bin/nmedit
configure:7275: result: nmedit
configure:7302: checking for -single_module linker flag
configure:7323: result: yes
configure:7325: checking for -exported_symbols_list linker flag
configure:7355: gcc -o conftest -g -O2   -Wl,-exported_symbols_list,conftest.sym conftest.c  >&5
configure:7362: $? = 0
configure:7384: result: yes
configure:7497: checking if gcc supports -fno-rtti -fno-exceptions
configure:7515: gcc -c -g -O2  -fno-rtti -fno-exceptions conftest.c >&5
cc1: warning: command line option "-fno-rtti" is valid for C++/ObjC++ but not for C
configure:7519: $? = 0
configure:7532: result: no
configure:7547: checking for gcc option to produce PIC
configure:7779: result: -fno-common
configure:7787: checking if gcc PIC flag -fno-common works
configure:7805: gcc -c -g -O2  -fno-common -DPIC conftest.c >&5
configure:7809: $? = 0
configure:7822: result: yes
configure:7850: checking if gcc static flag -static works
configure:7878: result: no
configure:7888: checking if gcc supports -c -o file.o
configure:7909: gcc -c -g -O2  -o out/conftest2.o conftest.c >&5
configure:7913: $? = 0
configure:7935: result: yes
configure:7961: checking whether the gcc linker (/usr/libexec/gcc/i686-apple-darwin9/4.0.1/ld) supports shared libraries
configure:8931: result: yes
configure:8998: checking dynamic linker characteristics
configure:9600: result: darwin9.2.0 dyld
configure:9624: checking how to hardcode library paths into programs
configure:9649: result: immediate
configure:9663: checking whether stripping libraries is possible
configure:9677: result: yes
configure:10498: checking if libtool supports shared libraries
configure:10500: result: yes
configure:10503: checking whether to build shared libraries
configure:10524: result: yes
configure:10527: checking whether to build static libraries
configure:10531: result: yes
configure:10625: creating libtool
configure:11218: checking for ld used by g++
configure:11285: result: /usr/libexec/gcc/i686-apple-darwin9/4.0.1/ld
configure:11294: checking if the linker (/usr/libexec/gcc/i686-apple-darwin9/4.0.1/ld) is GNU ld
configure:11309: result: no
configure:11360: checking whether the g++ linker (/usr/libexec/gcc/i686-apple-darwin9/4.0.1/ld) supports shared libraries
configure:12314: result: yes
configure:12331: g++ -c -g -O2  conftest.cpp >&5
configure:12334: $? = 0
configure:12490: checking for g++ option to produce PIC
configure:12774: result: -fno-common
configure:12782: checking if g++ PIC flag -fno-common works
configure:12800: g++ -c -g -O2  -fno-common -DPIC conftest.cpp >&5
configure:12804: $? = 0
configure:12817: result: yes
configure:12845: checking if g++ static flag -static works
configure:12873: result: no
configure:12883: checking if g++ supports -c -o file.o
configure:12904: g++ -c -g -O2  -o out/conftest2.o conftest.cpp >&5
configure:12908: $? = 0
configure:12930: result: yes
configure:12956: checking whether the g++ linker (/usr/libexec/gcc/i686-apple-darwin9/4.0.1/ld) supports shared libraries
configure:12982: result: yes
configure:13049: checking dynamic linker characteristics
configure:13599: result: darwin9.2.0 dyld
configure:13623: checking how to hardcode library paths into programs
configure:13648: result: immediate
configure:19967: checking for C++ compiler version
configure:19975: g++ --version >&5
i686-apple-darwin9-g++-4.0.1 (GCC) 4.0.1 (Apple Inc. build 5484)
Copyright (C) 2005 Free Software Foundation, Inc.
This is free software; see the source for copying conditions.  There is NO
warranty; not even for MERCHANTABILITY or FITNESS FOR A PARTICULAR PURPOSE.

configure:19979: $? = 0
configure:19986: g++ -v >&5
Using built-in specs.
Target: i686-apple-darwin9
Configured with: /var/tmp/gcc/gcc-5484~1/src/configure --disable-checking -enable-werror --prefix=/usr --mandir=/share/man --enable-languages=c,objc,c++,obj-c++ --program-transform-name=/^[cg][^.-]*$/s/$/-4.0/ --with-gxx-include-dir=/include/c++/4.0.0 --with-slibdir=/usr/lib --build=i686-apple-darwin9 --with-arch=apple --with-tune=generic --host=i686-apple-darwin9 --target=i686-apple-darwin9
Thread model: posix
gcc version 4.0.1 (Apple Inc. build 5484)
configure:19990: $? = 0
configure:19997: g++ -V >&5
g++-4.0: argument to `-V' is missing
configure:20001: $? = 1
configure:20004: checking whether we are using the GNU C++ compiler
configure:20057: result: yes
configure:20066: checking whether g++ accepts -g
configure:20204: result: yes
configure:20229: checking dependency style of g++
configure:20320: result: gcc3
configure:20383: checking for gcc
configure:20410: result: gcc
configure:20648: checking for C compiler version
configure:20656: gcc --version >&5
i686-apple-darwin9-gcc-4.0.1 (GCC) 4.0.1 (Apple Inc. build 5484)
Copyright (C) 2005 Free Software Foundation, Inc.
This is free software; see the source for copying conditions.  There is NO
warranty; not even for MERCHANTABILITY or FITNESS FOR A PARTICULAR PURPOSE.

configure:20660: $? = 0
configure:20667: gcc -v >&5
Using built-in specs.
Target: i686-apple-darwin9
Configured with: /var/tmp/gcc/gcc-5484~1/src/configure --disable-checking -enable-werror --prefix=/usr --mandir=/share/man --enable-languages=c,objc,c++,obj-c++ --program-transform-name=/^[cg][^.-]*$/s/$/-4.0/ --with-gxx-include-dir=/include/c++/4.0.0 --with-slibdir=/usr/lib --build=i686-apple-darwin9 --with-arch=apple --with-tune=generic --host=i686-apple-darwin9 --target=i686-apple-darwin9
Thread model: posix
gcc version 4.0.1 (Apple Inc. build 5484)
configure:20671: $? = 0
configure:20678: gcc -V >&5
gcc-4.0: argument to `-V' is missing
configure:20682: $? = 1
configure:20685: checking whether we are using the GNU C compiler
configure:20738: result: yes
configure:20747: checking whether gcc accepts -g
configure:20885: result: yes
configure:20902: checking for gcc option to accept ISO C89
configure:21006: result: none needed
configure:21026: checking dependency style of gcc
configure:21117: result: gcc3
configure:21137: checking how to run the C preprocessor
configure:21255: result: gcc -E
configure:21284: gcc -E  conftest.c
configure:21291: $? = 0
configure:21322: gcc -E  conftest.c
conftest.c:21:28: error: ac_nonexistent.h: No such file or directory
configure:21329: $? = 1
configure: failed program was:
| /* confdefs.h.  */
| #define PACKAGE_NAME ""
| #define PACKAGE_TARNAME ""
| #define PACKAGE_VERSION ""
| #define PACKAGE_STRING ""
| #define PACKAGE_BUGREPORT ""
| #define PACKAGE "faad2"
| #define VERSION "2.0"
| #define STDC_HEADERS 1
| #define HAVE_SYS_TYPES_H 1
| #define HAVE_SYS_STAT_H 1
| #define HAVE_STDLIB_H 1
| #define HAVE_STRING_H 1
| #define HAVE_MEMORY_H 1
| #define HAVE_STRINGS_H 1
| #define HAVE_INTTYPES_H 1
| #define HAVE_STDINT_H 1
| #define HAVE_UNISTD_H 1
| #define HAVE_DLFCN_H 1
| /* end confdefs.h.  */
| #include <ac_nonexistent.h>
configure:21380: checking for a BSD-compatible install
configure:21448: result: /usr/bin/install -c
configure:21459: checking whether ln -s works
configure:21463: result: yes
configure:21470: checking whether make sets $(MAKE)
configure:21492: result: yes
configure:21532: checking for ANSI C header files
configure:21700: result: yes
configure:21716: checking for stdint.h
configure:21723: result: yes
configure:21716: checking for inttypes.h
configure:21723: result: yes
configure:21872: checking mathf.h usability
configure:21889: gcc -c -g -O2  conftest.c >&5
conftest.c:57:19: error: mathf.h: No such file or directory
configure:21896: $? = 1
configure: failed program was:
| /* confdefs.h.  */
| #define PACKAGE_NAME ""
| #define PACKAGE_TARNAME ""
| #define PACKAGE_VERSION ""
| #define PACKAGE_STRING ""
| #define PACKAGE_BUGREPORT ""
| #define PACKAGE "faad2"
| #define VERSION "2.0"
| #define STDC_HEADERS 1
| #define HAVE_SYS_TYPES_H 1
| #define HAVE_SYS_STAT_H 1
| #define HAVE_STDLIB_H 1
| #define HAVE_STRING_H 1
| #define HAVE_MEMORY_H 1
| #define HAVE_STRINGS_H 1
| #define HAVE_INTTYPES_H 1
| #define HAVE_STDINT_H 1
| #define HAVE_UNISTD_H 1
| #define HAVE_DLFCN_H 1
| #define STDC_HEADERS 1
| #define HAVE_STDINT_H 1
| #define HAVE_INTTYPES_H 1
| /* end confdefs.h.  */
| #include <stdio.h>
| #ifdef HAVE_SYS_TYPES_H
| # include <sys/types.h>
| #endif
| #ifdef HAVE_SYS_STAT_H
| # include <sys/stat.h>
| #endif
| #ifdef STDC_HEADERS
| # include <stdlib.h>
| # include <stddef.h>
| #else
| # ifdef HAVE_STDLIB_H
| #  include <stdlib.h>
| # endif
| #endif
| #ifdef HAVE_STRING_H
| # if !defined STDC_HEADERS && defined HAVE_MEMORY_H
| #  include <memory.h>
| # endif
| # include <string.h>
| #endif
| #ifdef HAVE_STRINGS_H
| # include <strings.h>
| #endif
| #ifdef HAVE_INTTYPES_H
| # include <inttypes.h>
| #endif
| #ifdef HAVE_STDINT_H
| # include <stdint.h>
| #endif
| #ifdef HAVE_UNISTD_H
| # include <unistd.h>
| #endif
| #include <mathf.h>
configure:21910: result: no
configure:21914: checking mathf.h presence
configure:21929: gcc -E  conftest.c
conftest.c:24:19: error: mathf.h: No such file or directory
configure:21936: $? = 1
configure: failed program was:
| /* confdefs.h.  */
| #define PACKAGE_NAME ""
| #define PACKAGE_TARNAME ""
| #define PACKAGE_VERSION ""
| #define PACKAGE_STRING ""
| #define PACKAGE_BUGREPORT ""
| #define PACKAGE "faad2"
| #define VERSION "2.0"
| #define STDC_HEADERS 1
| #define HAVE_SYS_TYPES_H 1
| #define HAVE_SYS_STAT_H 1
| #define HAVE_STDLIB_H 1
| #define HAVE_STRING_H 1
| #define HAVE_MEMORY_H 1
| #define HAVE_STRINGS_H 1
| #define HAVE_INTTYPES_H 1
| #define HAVE_STDINT_H 1
| #define HAVE_UNISTD_H 1
| #define HAVE_DLFCN_H 1
| #define STDC_HEADERS 1
| #define HAVE_STDINT_H 1
| #define HAVE_INTTYPES_H 1
| /* end confdefs.h.  */
| #include <mathf.h>
configure:21950: result: no
configure:21978: checking for mathf.h
configure:21987: result: no
configure:22017: checking float.h usability
configure:22034: gcc -c -g -O2  conftest.c >&5
configure:22041: $? = 0
configure:22055: result: yes
configure:22059: checking float.h presence
configure:22074: gcc -E  conftest.c
configure:22081: $? = 0
configure:22095: result: yes
configure:22123: checking for float.h
configure:22132: result: yes
configure:22151: checking for strchr
configure:22207: gcc -o conftest -g -O2   conftest.c  >&5
conftest.c:48: warning: conflicting types for built-in function 'strchr'
configure:22214: $? = 0
configure:22236: result: yes
configure:22151: checking for memcpy
configure:22207: gcc -o conftest -g -O2   conftest.c  >&5
conftest.c:49: warning: conflicting types for built-in function 'memcpy'
configure:22214: $? = 0
configure:22236: result: yes
configure:22263: checking sys/time.h usability
configure:22280: gcc -c -g -O2  conftest.c >&5
configure:22287: $? = 0
configure:22301: result: yes
configure:22305: checking sys/time.h presence
configure:22320: gcc -E  conftest.c
configure:22327: $? = 0
configure:22341: result: yes
configure:22369: checking for sys/time.h
configure:22378: result: yes
configure:22392: checking whether time.h and sys/time.h may both be included
configure:22422: gcc -c -g -O2  conftest.c >&5
configure:22429: $? = 0
configure:22444: result: yes
configure:22455: checking for inline
configure:22481: gcc -c -g -O2  conftest.c >&5
configure:22488: $? = 0
configure:22506: result: inline
configure:22526: checking whether byte ordering is bigendian
configure:22551: gcc -c -g -O2  conftest.c >&5
configure:22558: $? = 0
configure:22900: result: universal
configure:22921: checking for off_t
configure:22949: gcc -c -g -O2  conftest.c >&5
configure:22956: $? = 0
configure:22983: gcc -c -g -O2  conftest.c >&5
conftest.c: In function 'main':
conftest.c:65: error: syntax error before ')' token
configure:22990: $? = 1
configure: failed program was:
| /* confdefs.h.  */
| #define PACKAGE_NAME ""
| #define PACKAGE_TARNAME ""
| #define PACKAGE_VERSION ""
| #define PACKAGE_STRING ""
| #define PACKAGE_BUGREPORT ""
| #define PACKAGE "faad2"
| #define VERSION "2.0"
| #define STDC_HEADERS 1
| #define HAVE_SYS_TYPES_H 1
| #define HAVE_SYS_STAT_H 1
| #define HAVE_STDLIB_H 1
| #define HAVE_STRING_H 1
| #define HAVE_MEMORY_H 1
| #define HAVE_STRINGS_H 1
| #define HAVE_INTTYPES_H 1
| #define HAVE_STDINT_H 1
| #define HAVE_UNISTD_H 1
| #define HAVE_DLFCN_H 1
| #define STDC_HEADERS 1
| #define HAVE_STDINT_H 1
| #define HAVE_INTTYPES_H 1
| #define HAVE_FLOAT_H 1
| #define HAVE_STRCHR 1
| #define HAVE_MEMCPY 1
| #define HAVE_SYS_TIME_H 1
| #define TIME_WITH_SYS_TIME 1
| /* end confdefs.h.  */
| #include <stdio.h>
| #ifdef HAVE_SYS_TYPES_H
| # include <sys/types.h>
| #endif
| #ifdef HAVE_SYS_STAT_H
| # include <sys/stat.h>
| #endif
| #ifdef STDC_HEADERS
| # include <stdlib.h>
| # include <stddef.h>
| #else
| # ifdef HAVE_STDLIB_H
| #  include <stdlib.h>
| # endif
| #endif
| #ifdef HAVE_STRING_H
| # if !defined STDC_HEADERS && defined HAVE_MEMORY_H
| #  include <memory.h>
| # endif
| # include <string.h>
| #endif
| #ifdef HAVE_STRINGS_H
| # include <strings.h>
| #endif
| #ifdef HAVE_INTTYPES_H
| # include <inttypes.h>
| #endif
| #ifdef HAVE_STDINT_H
| # include <stdint.h>
| #endif
| #ifdef HAVE_UNISTD_H
| # include <unistd.h>
| #endif
| int
| main ()
| {
| if (sizeof ((off_t)))
| 	  return 0;
|   ;
|   return 0;
| }
configure:23013: result: yes
configure:23030: checking for float32_t temp
configure:23054: gcc -c -g -O2  conftest.c >&5
conftest.c:30:31: error: sys/float.h: No such file or directory
conftest.c: In function 'main':
conftest.c:34: error: 'float32_t' undeclared (first use in this function)
conftest.c:34: error: (Each undeclared identifier is reported only once
conftest.c:34: error: for each function it appears in.)
conftest.c:34: error: syntax error before 'temp'
configure:23061: $? = 1
configure: failed program was:
| /* confdefs.h.  */
| #define PACKAGE_NAME ""
| #define PACKAGE_TARNAME ""
| #define PACKAGE_VERSION ""
| #define PACKAGE_STRING ""
| #define PACKAGE_BUGREPORT ""
| #define PACKAGE "faad2"
| #define VERSION "2.0"
| #define STDC_HEADERS 1
| #define HAVE_SYS_TYPES_H 1
| #define HAVE_SYS_STAT_H 1
| #define HAVE_STDLIB_H 1
| #define HAVE_STRING_H 1
| #define HAVE_MEMORY_H 1
| #define HAVE_STRINGS_H 1
| #define HAVE_INTTYPES_H 1
| #define HAVE_STDINT_H 1
| #define HAVE_UNISTD_H 1
| #define HAVE_DLFCN_H 1
| #define STDC_HEADERS 1
| #define HAVE_STDINT_H 1
| #define HAVE_INTTYPES_H 1
| #define HAVE_FLOAT_H 1
| #define HAVE_STRCHR 1
| #define HAVE_MEMCPY 1
| #define HAVE_SYS_TIME_H 1
| #define TIME_WITH_SYS_TIME 1
| /* end confdefs.h.  */
| #include <sys/types.h>,
|         #include <sys/float.h>
| int
| main ()
| {
| float32_t temp;
|   ;
|   return 0;
| }
configure:23084: result: no
configure:23093: checking for strsep
configure:23149: gcc -o conftest -g -O2   conftest.c  >&5
configure:23156: $? = 0
configure:23178: result: yes
configure:23191: checking for in_port_t temp
configure:23215: gcc -c -g -O2  conftest.c >&5
configure:23222: $? = 0
configure:23242: result: yes
configure:23250: checking for socklen_t temp
configure:23274: gcc -c -g -O2  conftest.c >&5
configure:23281: $? = 0
configure:23301: result: yes
configure:23309: checking for fpos_t foo; foo.__pos = 0;
configure:23332: gcc -c -g -O2  conftest.c >&5
conftest.c: In function 'main':
conftest.c:36: error: request for member '__pos' in something not a structure or union
configure:23339: $? = 1
configure: failed program was:
| /* confdefs.h.  */
| #define PACKAGE_NAME ""
| #define PACKAGE_TARNAME ""
| #define PACKAGE_VERSION ""
| #define PACKAGE_STRING ""
| #define PACKAGE_BUGREPORT ""
| #define PACKAGE "faad2"
| #define VERSION "2.0"
| #define STDC_HEADERS 1
| #define HAVE_SYS_TYPES_H 1
| #define HAVE_SYS_STAT_H 1
| #define HAVE_STDLIB_H 1
| #define HAVE_STRING_H 1
| #define HAVE_MEMORY_H 1
| #define HAVE_STRINGS_H 1
| #define HAVE_INTTYPES_H 1
| #define HAVE_STDINT_H 1
| #define HAVE_UNISTD_H 1
| #define HAVE_DLFCN_H 1
| #define STDC_HEADERS 1
| #define HAVE_STDINT_H 1
| #define HAVE_INTTYPES_H 1
| #define HAVE_FLOAT_H 1
| #define HAVE_STRCHR 1
| #define HAVE_MEMCPY 1
| #define HAVE_SYS_TIME_H 1
| #define TIME_WITH_SYS_TIME 1
| #define HAVE_STRSEP 1
| #define HAVE_IN_PORT_T 1
| #define HAVE_SOCKLEN_T 1
| /* end confdefs.h.  */
| #include <stdio.h>
| int
| main ()
| {
| fpos_t foo; foo.__pos = 0;;
|   ;
|   return 0;
| }
configure:23362: result: no
configure:23370: checking for MP4Create in -lmp4v2
configure:23405: gcc -o conftest -g -O2   conftest.c -lmp4v2 -lstdc++  >&5
ld: library not found for -lmp4v2
collect2: ld returned 1 exit status
configure:23412: $? = 1
configure: failed program was:
| /* confdefs.h.  */
| #define PACKAGE_NAME ""
| #define PACKAGE_TARNAME ""
| #define PACKAGE_VERSION ""
| #define PACKAGE_STRING ""
| #define PACKAGE_BUGREPORT ""
| #define PACKAGE "faad2"
| #define VERSION "2.0"
| #define STDC_HEADERS 1
| #define HAVE_SYS_TYPES_H 1
| #define HAVE_SYS_STAT_H 1
| #define HAVE_STDLIB_H 1
| #define HAVE_STRING_H 1
| #define HAVE_MEMORY_H 1
| #define HAVE_STRINGS_H 1
| #define HAVE_INTTYPES_H 1
| #define HAVE_STDINT_H 1
| #define HAVE_UNISTD_H 1
| #define HAVE_DLFCN_H 1
| #define STDC_HEADERS 1
| #define HAVE_STDINT_H 1
| #define HAVE_INTTYPES_H 1
| #define HAVE_FLOAT_H 1
| #define HAVE_STRCHR 1
| #define HAVE_MEMCPY 1
| #define HAVE_SYS_TIME_H 1
| #define TIME_WITH_SYS_TIME 1
| #define HAVE_STRSEP 1
| #define HAVE_IN_PORT_T 1
| #define HAVE_SOCKLEN_T 1
| /* end confdefs.h.  */
| 
| /* Override any GCC internal prototype to avoid an error.
|    Use char because int might match the return type of a GCC
|    builtin and then its argument prototype would still apply.  */
| #ifdef __cplusplus
| extern "C"
| #endif
| char MP4Create ();
| int
| main ()
| {
| return MP4Create ();
|   ;
|   return 0;
| }
configure:23433: result: no
configure:23447: checking for MP4MetadataDelete in -lmp4v2
configure:23482: gcc -o conftest -g -O2   conftest.c -lmp4v2 -lstdc++  >&5
ld: library not found for -lmp4v2
collect2: ld returned 1 exit status
configure:23489: $? = 1
configure: failed program was:
| /* confdefs.h.  */
| #define PACKAGE_NAME ""
| #define PACKAGE_TARNAME ""
| #define PACKAGE_VERSION ""
| #define PACKAGE_STRING ""
| #define PACKAGE_BUGREPORT ""
| #define PACKAGE "faad2"
| #define VERSION "2.0"
| #define STDC_HEADERS 1
| #define HAVE_SYS_TYPES_H 1
| #define HAVE_SYS_STAT_H 1
| #define HAVE_STDLIB_H 1
| #define HAVE_STRING_H 1
| #define HAVE_MEMORY_H 1
| #define HAVE_STRINGS_H 1
| #define HAVE_INTTYPES_H 1
| #define HAVE_STDINT_H 1
| #define HAVE_UNISTD_H 1
| #define HAVE_DLFCN_H 1
| #define STDC_HEADERS 1
| #define HAVE_STDINT_H 1
| #define HAVE_INTTYPES_H 1
| #define HAVE_FLOAT_H 1
| #define HAVE_STRCHR 1
| #define HAVE_MEMCPY 1
| #define HAVE_SYS_TIME_H 1
| #define TIME_WITH_SYS_TIME 1
| #define HAVE_STRSEP 1
| #define HAVE_IN_PORT_T 1
| #define HAVE_SOCKLEN_T 1
| /* end confdefs.h.  */
| 
| /* Override any GCC internal prototype to avoid an error.
|    Use char because int might match the return type of a GCC
|    builtin and then its argument prototype would still apply.  */
| #ifdef __cplusplus
| extern "C"
| #endif
| char MP4MetadataDelete ();
| int
| main ()
| {
| return MP4MetadataDelete ();
|   ;
|   return 0;
| }
configure:23510: result: no
configure:23533: checking mp4.h usability
configure:23550: gcc -c -g -O2  conftest.c >&5
conftest.c:65:17: error: mp4.h: No such file or directory
configure:23557: $? = 1
configure: failed program was:
| /* confdefs.h.  */
| #define PACKAGE_NAME ""
| #define PACKAGE_TARNAME ""
| #define PACKAGE_VERSION ""
| #define PACKAGE_STRING ""
| #define PACKAGE_BUGREPORT ""
| #define PACKAGE "faad2"
| #define VERSION "2.0"
| #define STDC_HEADERS 1
| #define HAVE_SYS_TYPES_H 1
| #define HAVE_SYS_STAT_H 1
| #define HAVE_STDLIB_H 1
| #define HAVE_STRING_H 1
| #define HAVE_MEMORY_H 1
| #define HAVE_STRINGS_H 1
| #define HAVE_INTTYPES_H 1
| #define HAVE_STDINT_H 1
| #define HAVE_UNISTD_H 1
| #define HAVE_DLFCN_H 1
| #define STDC_HEADERS 1
| #define HAVE_STDINT_H 1
| #define HAVE_INTTYPES_H 1
| #define HAVE_FLOAT_H 1
| #define HAVE_STRCHR 1
| #define HAVE_MEMCPY 1
| #define HAVE_SYS_TIME_H 1
| #define TIME_WITH_SYS_TIME 1
| #define HAVE_STRSEP 1
| #define HAVE_IN_PORT_T 1
| #define HAVE_SOCKLEN_T 1
| /* end confdefs.h.  */
| #include <stdio.h>
| #ifdef HAVE_SYS_TYPES_H
| # include <sys/types.h>
| #endif
| #ifdef HAVE_SYS_STAT_H
| # include <sys/stat.h>
| #endif
| #ifdef STDC_HEADERS
| # include <stdlib.h>
| # include <stddef.h>
| #else
| # ifdef HAVE_STDLIB_H
| #  include <stdlib.h>
| # endif
| #endif
| #ifdef HAVE_STRING_H
| # if !defined STDC_HEADERS && defined HAVE_MEMORY_H
| #  include <memory.h>
| # endif
| # include <string.h>
| #endif
| #ifdef HAVE_STRINGS_H
| # include <strings.h>
| #endif
| #ifdef HAVE_INTTYPES_H
| # include <inttypes.h>
| #endif
| #ifdef HAVE_STDINT_H
| # include <stdint.h>
| #endif
| #ifdef HAVE_UNISTD_H
| # include <unistd.h>
| #endif
| #include <mp4.h>
configure:23571: result: no
configure:23575: checking mp4.h presence
configure:23590: gcc -E  conftest.c
conftest.c:32:17: error: mp4.h: No such file or directory
configure:23597: $? = 1
configure: failed program was:
| /* confdefs.h.  */
| #define PACKAGE_NAME ""
| #define PACKAGE_TARNAME ""
| #define PACKAGE_VERSION ""
| #define PACKAGE_STRING ""
| #define PACKAGE_BUGREPORT ""
| #define PACKAGE "faad2"
| #define VERSION "2.0"
| #define STDC_HEADERS 1
| #define HAVE_SYS_TYPES_H 1
| #define HAVE_SYS_STAT_H 1
| #define HAVE_STDLIB_H 1
| #define HAVE_STRING_H 1
| #define HAVE_MEMORY_H 1
| #define HAVE_STRINGS_H 1
| #define HAVE_INTTYPES_H 1
| #define HAVE_STDINT_H 1
| #define HAVE_UNISTD_H 1
| #define HAVE_DLFCN_H 1
| #define STDC_HEADERS 1
| #define HAVE_STDINT_H 1
| #define HAVE_INTTYPES_H 1
| #define HAVE_FLOAT_H 1
| #define HAVE_STRCHR 1
| #define HAVE_MEMCPY 1
| #define HAVE_SYS_TIME_H 1
| #define TIME_WITH_SYS_TIME 1
| #define HAVE_STRSEP 1
| #define HAVE_IN_PORT_T 1
| #define HAVE_SOCKLEN_T 1
| /* end confdefs.h.  */
| #include <mp4.h>
configure:23611: result: no
configure:23639: checking for mp4.h
configure:23646: result: no
configure:23681: *** Building with internal mp4v2 ***
configure:24094: no xmms build configured
configure:24311: creating ./config.status

## ---------------------- ##
## Running config.status. ##
## ---------------------- ##

This file was extended by config.status, which was
generated by GNU Autoconf 2.62.  Invocation command line was

  CONFIG_FILES    = 
  CONFIG_HEADERS  = 
  CONFIG_LINKS    = 
  CONFIG_COMMANDS = 
  $ ./config.status 

on Crackotage

config.status:826: creating libfaad/Makefile
config.status:826: creating frontend/Makefile
config.status:826: creating common/Makefile
config.status:826: creating plugins/Makefile
config.status:826: creating Makefile
config.status:826: creating plugins/mpeg4ip/Makefile
config.status:826: creating common/mp4ff/Makefile
config.status:826: creating common/mp4v2/Makefile
config.status:826: creating faad2.spec
config.status:826: creating config.h
config.status:1048: config.h is unchanged
config.status:1100: executing depfiles commands

## ---------------- ##
## Cache variables. ##
## ---------------- ##

ac_cv_build=i386-apple-darwin9.2.0
ac_cv_c_bigendian=universal
ac_cv_c_compiler_gnu=yes
ac_cv_c_inline=inline
ac_cv_cxx_compiler_gnu=yes
ac_cv_env_CCC_set=
ac_cv_env_CCC_value=
ac_cv_env_CC_set=
ac_cv_env_CC_value=
ac_cv_env_CFLAGS_set=
ac_cv_env_CFLAGS_value=
ac_cv_env_CPPFLAGS_set=
ac_cv_env_CPPFLAGS_value=
ac_cv_env_CPP_set=
ac_cv_env_CPP_value=
ac_cv_env_CXXCPP_set=
ac_cv_env_CXXCPP_value=
ac_cv_env_CXXFLAGS_set=
ac_cv_env_CXXFLAGS_value=
ac_cv_env_CXX_set=
ac_cv_env_CXX_value=
ac_cv_env_F77_set=
ac_cv_env_F77_value=
ac_cv_env_FFLAGS_set=
ac_cv_env_FFLAGS_value=
ac_cv_env_LDFLAGS_set=
ac_cv_env_LDFLAGS_value=
ac_cv_env_LIBS_set=
ac_cv_env_LIBS_value=
ac_cv_env_build_alias_set=
ac_cv_env_build_alias_value=
ac_cv_env_host_alias_set=
ac_cv_env_host_alias_value=
ac_cv_env_target_alias_set=
ac_cv_env_target_alias_value=
ac_cv_f77_compiler_gnu=no
ac_cv_func_memcpy=yes
ac_cv_func_strchr=yes
ac_cv_func_strsep=yes
ac_cv_header_dlfcn_h=yes
ac_cv_header_float_h=yes
ac_cv_header_inttypes_h=yes
ac_cv_header_mathf_h=no
ac_cv_header_memory_h=yes
ac_cv_header_mp4_h=no
ac_cv_header_stdc=yes
ac_cv_header_stdint_h=yes
ac_cv_header_stdlib_h=yes
ac_cv_header_string_h=yes
ac_cv_header_strings_h=yes
ac_cv_header_sys_stat_h=yes
ac_cv_header_sys_time_h=yes
ac_cv_header_sys_types_h=yes
ac_cv_header_time=yes
ac_cv_header_unistd_h=yes
ac_cv_host=i386-apple-darwin9.2.0
ac_cv_lib_mp4v2_MP4Create=no
ac_cv_lib_mp4v2_MP4MetadataDelete=no
ac_cv_objext=o
ac_cv_path_EGREP='/usr/bin/grep -E'
ac_cv_path_GREP=/usr/bin/grep
ac_cv_path_install='/usr/bin/install -c'
ac_cv_prog_AWK=gawk
ac_cv_prog_CPP='gcc -E'
ac_cv_prog_CXXCPP='g++ -E'
ac_cv_prog_ac_ct_AR=ar
ac_cv_prog_ac_ct_CC=gcc
ac_cv_prog_ac_ct_CXX=g++
ac_cv_prog_ac_ct_DSYMUTIL=dsymutil
ac_cv_prog_ac_ct_NMEDIT=nmedit
ac_cv_prog_ac_ct_RANLIB=ranlib
ac_cv_prog_ac_ct_STRIP=strip
ac_cv_prog_cc_c89=
ac_cv_prog_cc_g=yes
ac_cv_prog_cxx_g=yes
ac_cv_prog_f77_g=no
ac_cv_prog_make_make_set=yes
ac_cv_type_off_t=yes
am_cv_CC_dependencies_compiler_type=gcc3
am_cv_CXX_dependencies_compiler_type=gcc3
lt_cv_apple_cc_single_mod=yes
lt_cv_deplibs_check_method=pass_all
lt_cv_file_magic_cmd='$MAGIC_CMD'
lt_cv_file_magic_test_file=
lt_cv_ld_exported_symbols_list=yes
lt_cv_ld_reload_flag=-r
lt_cv_objdir=.libs
lt_cv_path_LD=/usr/libexec/gcc/i686-apple-darwin9/4.0.1/ld
lt_cv_path_LDCXX=/usr/libexec/gcc/i686-apple-darwin9/4.0.1/ld
lt_cv_path_NM='/usr/bin/nm -p'
lt_cv_path_SED=/usr/bin/sed
lt_cv_prog_compiler_c_o=yes
lt_cv_prog_compiler_c_o_CXX=yes
lt_cv_prog_compiler_pic_works=yes
lt_cv_prog_compiler_pic_works_CXX=yes
lt_cv_prog_compiler_rtti_exceptions=no
lt_cv_prog_compiler_static_works=no
lt_cv_prog_compiler_static_works_CXX=no
lt_cv_prog_gnu_ld=no
lt_cv_prog_gnu_ldcxx=no
lt_cv_sys_global_symbol_pipe='sed -n -e '\''s/^.*[ 	]\([BCDEGRST][BCDEGRST]*\)[ 	][ 	]*_\([_A-Za-z][_A-Za-z0-9]*\)$/\1 _\2 \2/p'\'''
lt_cv_sys_global_symbol_to_c_name_address='sed -n -e '\''s/^: \([^ ]*\) $/  {\"\1\", (lt_ptr) 0},/p'\'' -e '\''s/^[BCDEGRST] \([^ ]*\) \([^ ]*\)$/  {"\2", (lt_ptr) \&\2},/p'\'''
lt_cv_sys_global_symbol_to_cdecl='sed -n -e '\''s/^. .* \(.*\)$/extern int \1;/p'\'''
lt_cv_sys_lib_dlsearch_path_spec='/usr/local/lib /lib /usr/lib'
lt_cv_sys_lib_search_path_spec='/usr/lib/i686-apple-darwin9/4.0.1 /usr/lib /usr/lib/gcc/i686-apple-darwin9/4.0.1 /usr/local/lib'
lt_cv_sys_max_cmd_len=196608
lt_lt_cv_prog_compiler_c_o='"yes"'
lt_lt_cv_prog_compiler_c_o_CXX='"yes"'
lt_lt_cv_sys_global_symbol_pipe='"sed -n -e '\''s/^.*[ 	]\\([BCDEGRST][BCDEGRST]*\\)[ 	][ 	]*_\\([_A-Za-z][_A-Za-z0-9]*\\)\$/\\1 _\\2 \\2/p'\''"'
lt_lt_cv_sys_global_symbol_to_c_name_address='"sed -n -e '\''s/^: \\([^ ]*\\) \$/  {\\\"\\1\\\", (lt_ptr) 0},/p'\'' -e '\''s/^[BCDEGRST] \\([^ ]*\\) \\([^ ]*\\)\$/  {\"\\2\", (lt_ptr) \\&\\2},/p'\''"'
lt_lt_cv_sys_global_symbol_to_cdecl='"sed -n -e '\''s/^. .* \\(.*\\)\$/extern int \\1;/p'\''"'

## ----------------- ##
## Output variables. ##
## ----------------- ##

ACLOCAL='${SHELL} /Volumes/Home/ryan/Develop/xbmc-sources-fork/dvdplayer/libfaad2/missing --run aclocal-1.10'
AMDEPBACKSLASH='\'
AMDEP_FALSE='#'
AMDEP_TRUE=''
AMTAR='${SHELL} /Volumes/Home/ryan/Develop/xbmc-sources-fork/dvdplayer/libfaad2/missing --run tar'
AR='ar'
AUTOCONF='${SHELL} /Volumes/Home/ryan/Develop/xbmc-sources-fork/dvdplayer/libfaad2/missing --run autoconf'
AUTOHEADER='${SHELL} /Volumes/Home/ryan/Develop/xbmc-sources-fork/dvdplayer/libfaad2/missing --run autoheader'
AUTOMAKE='${SHELL} /Volumes/Home/ryan/Develop/xbmc-sources-fork/dvdplayer/libfaad2/missing --run automake-1.10'
AWK='gawk'
CC='gcc'
CCDEPMODE='depmode=gcc3'
CFLAGS='-g -O2'
CPP='gcc -E'
CPPFLAGS=''
CXX='g++'
CXXCPP='g++ -E'
CXXDEPMODE='depmode=gcc3'
CXXFLAGS='-g -O2'
CYGPATH_W='echo'
DEFS='-DHAVE_CONFIG_H'
DEPDIR='.deps'
DSYMUTIL='dsymutil'
ECHO='/bin/echo'
ECHO_C='\c'
ECHO_N=''
ECHO_T=''
EGREP='/usr/bin/grep -E'
EXEEXT=''
F77=''
FFLAGS=''
GREP='/usr/bin/grep'
GTK_CONFIG=''
HAVE_MPEG4IP_FALSE=''
HAVE_MPEG4IP_TRUE='#'
HAVE_XMMS_FALSE=''
HAVE_XMMS_TRUE='#'
INSTALL_DATA='${INSTALL} -m 644'
INSTALL_PROGRAM='${INSTALL}'
INSTALL_SCRIPT='${INSTALL}'
INSTALL_STRIP_PROGRAM='$(install_sh) -c -s'
LDFLAGS=''
LIBOBJS=''
LIBS=''
LIBTOOL='$(SHELL) $(top_builddir)/libtool'
LIBTOOL_DEPS='./ltmain.sh'
LN_S='ln -s'
LTLIBOBJS=''
MAKEINFO='${SHELL} /Volumes/Home/ryan/Develop/xbmc-sources-fork/dvdplayer/libfaad2/missing --run makeinfo'
MKDIR_P='./install-sh -c -d'
MPEG4IP_PLAYER_PLUGIN_DIR=''
NMEDIT='nmedit'
OBJEXT='o'
PACKAGE='faad2'
PACKAGE_BUGREPORT=''
PACKAGE_NAME=''
PACKAGE_STRING=''
PACKAGE_TARNAME=''
PACKAGE_VERSION=''
PATH_SEPARATOR=':'
RANLIB='ranlib'
SED='/usr/bin/sed'
SET_MAKE=''
SHELL='/bin/sh'
STRIP='strip'
VERSION='2.0'
WITH_MP4V2_FALSE='#'
WITH_MP4V2_TRUE=''
XMMS_CONFIG=''
ac_ct_CC='gcc'
ac_ct_CXX='g++'
ac_ct_F77=''
am__fastdepCC_FALSE='#'
am__fastdepCC_TRUE=''
am__fastdepCXX_FALSE='#'
am__fastdepCXX_TRUE=''
am__include='include'
am__isrc=''
am__leading_dot='.'
am__quote=''
am__tar='${AMTAR} chof - "$$tardir"'
am__untar='${AMTAR} xf -'
bindir='${exec_prefix}/bin'
build='i386-apple-darwin9.2.0'
build_alias=''
build_cpu='i386'
build_os='darwin9.2.0'
build_vendor='apple'
datadir='${datarootdir}'
datarootdir='${prefix}/share'
docdir='${datarootdir}/doc/${PACKAGE}'
dvidir='${docdir}'
exec_prefix='${prefix}'
host='i386-apple-darwin9.2.0'
host_alias=''
host_cpu='i386'
host_os='darwin9.2.0'
host_vendor='apple'
htmldir='${docdir}'
includedir='${prefix}/include'
infodir='${datarootdir}/info'
install_sh='$(SHELL) /Volumes/Home/ryan/Develop/xbmc-sources-fork/dvdplayer/libfaad2/install-sh'
libdir='${exec_prefix}/lib'
libexecdir='${exec_prefix}/libexec'
localedir='${datarootdir}/locale'
localstatedir='${prefix}/var'
mandir='${datarootdir}/man'
mkdir_p='$(top_builddir)/./install-sh -c -d'
oldincludedir='/usr/include'
pdfdir='${docdir}'
prefix='/usr/local'
program_transform_name='s,x,x,'
psdir='${docdir}'
sbindir='${exec_prefix}/sbin'
sharedstatedir='${prefix}/com'
sysconfdir='${prefix}/etc'
target_alias=''

## ----------- ##
## confdefs.h. ##
## ----------- ##

#define PACKAGE_NAME ""
#define PACKAGE_TARNAME ""
#define PACKAGE_VERSION ""
#define PACKAGE_STRING ""
#define PACKAGE_BUGREPORT ""
#define PACKAGE "faad2"
#define VERSION "2.0"
#define STDC_HEADERS 1
#define HAVE_SYS_TYPES_H 1
#define HAVE_SYS_STAT_H 1
#define HAVE_STDLIB_H 1
#define HAVE_STRING_H 1
#define HAVE_MEMORY_H 1
#define HAVE_STRINGS_H 1
#define HAVE_INTTYPES_H 1
#define HAVE_STDINT_H 1
#define HAVE_UNISTD_H 1
#define HAVE_DLFCN_H 1
#define STDC_HEADERS 1
#define HAVE_STDINT_H 1
#define HAVE_INTTYPES_H 1
#define HAVE_FLOAT_H 1
#define HAVE_STRCHR 1
#define HAVE_MEMCPY 1
#define HAVE_SYS_TIME_H 1
#define TIME_WITH_SYS_TIME 1
#define HAVE_STRSEP 1
#define HAVE_IN_PORT_T 1
#define HAVE_SOCKLEN_T 1

configure: exit 0
