This file contains any messages produced by compilers while
running configure, to aid debugging if configure makes a mistake.

It was created by configure, which was
generated by GNU Autoconf 2.59.  Invocation command line was

  $ ./configure 

## --------- ##
## Platform. ##
## --------- ##

hostname = mackie.leafmunchers.org
uname -m = i386
uname -r = 9.3.0
uname -s = Darwin
uname -v = Darwin Kernel Version 9.3.0: Fri May 23 00:49:16 PDT 2008; root:xnu-1228.5.18~1/RELEASE_I386

/usr/bin/uname -p = i386
/bin/uname -X     = unknown

/bin/arch              = unknown
/usr/bin/arch -k       = unknown
/usr/convex/getsysinfo = unknown
hostinfo               = Mach kernel version:
	 Darwin Kernel Version 9.3.0: Fri May 23 00:49:16 PDT 2008; root:xnu-1228.5.18~1/RELEASE_I386
Kernel configured for up to 8 processors.
8 processors are physically available.
8 processors are logically available.
Processor type: i486 (Intel 80486)
Processors active: 0 1 2 3 4 5 6 7
Primary memory available: 10.00 gigabytes
Default processor set: 136 tasks, 767 threads, 8 processors
Load average: 0.37, Mach factor: 7.62
/bin/machine           = unknown
/usr/bin/oslevel       = unknown
/bin/universe          = unknown

PATH: /Library/Frameworks/Python.framework/Versions/Current/bin
PATH: /Users/elan/bin
PATH: /opt/local/bin
PATH: /opt/local/sbin/
PATH: /usr/bin
PATH: /bin
PATH: /usr/sbin
PATH: /sbin
PATH: /usr/local/bin
PATH: /usr/X11/bin
PATH: /usr/local/bin
PATH: /usr/X11R6/bin/
PATH: /Developer/usr/bin
PATH: /opt/local/bin


## ----------- ##
## Core tests. ##
## ----------- ##

configure:1564: checking build system type
configure:1582: result: i686-apple-darwin9.3.0
configure:1590: checking host system type
configure:1604: result: i686-apple-darwin9.3.0
configure:1612: checking target system type
configure:1626: result: i686-apple-darwin9.3.0
configure:1655: checking for a BSD-compatible install
configure:1710: result: /opt/local/bin/ginstall -c
configure:1721: checking whether build environment is sane
configure:1764: result: yes
configure:1797: checking for gawk
configure:1813: found /opt/local/bin/gawk
configure:1823: result: gawk
configure:1833: checking whether make sets $(MAKE)
configure:1853: result: yes
configure:2042: checking for style of include used by make
configure:2070: result: GNU
configure:2141: checking for gcc
configure:2157: found /usr/bin/gcc
configure:2167: result: gcc
configure:2411: checking for C compiler version
configure:2414: gcc --version </dev/null >&5
i686-apple-darwin9-gcc-4.0.1 (GCC) 4.0.1 (Apple Inc. build 5484)
Copyright (C) 2005 Free Software Foundation, Inc.
This is free software; see the source for copying conditions.  There is NO
warranty; not even for MERCHANTABILITY or FITNESS FOR A PARTICULAR PURPOSE.

configure:2417: $? = 0
configure:2419: gcc -v </dev/null >&5
Using built-in specs.
Target: i686-apple-darwin9
Configured with: /var/tmp/gcc/gcc-5484~1/src/configure --disable-checking -enable-werror --prefix=/usr --mandir=/share/man --enable-languages=c,objc,c++,obj-c++ --program-transform-name=/^[cg][^.-]*$/s/$/-4.0/ --with-gxx-include-dir=/include/c++/4.0.0 --with-slibdir=/usr/lib --build=i686-apple-darwin9 --with-arch=apple --with-tune=generic --host=i686-apple-darwin9 --target=i686-apple-darwin9
Thread model: posix
gcc version 4.0.1 (Apple Inc. build 5484)
configure:2422: $? = 0
configure:2424: gcc -V </dev/null >&5
gcc-4.0: argument to `-V' is missing
configure:2427: $? = 1
configure:2450: checking for C compiler default output file name
configure:2453: gcc    conftest.c  >&5
configure:2456: $? = 0
configure:2502: result: a.out
configure:2507: checking whether the C compiler works
configure:2513: ./a.out
configure:2516: $? = 0
configure:2533: result: yes
configure:2540: checking whether we are cross compiling
configure:2542: result: no
configure:2545: checking for suffix of executables
configure:2547: gcc -o conftest    conftest.c  >&5
configure:2550: $? = 0
configure:2575: result: 
configure:2581: checking for suffix of object files
configure:2602: gcc -c   conftest.c >&5
configure:2605: $? = 0
configure:2627: result: o
configure:2631: checking whether we are using the GNU C compiler
configure:2655: gcc -c   conftest.c >&5
configure:2661: $? = 0
configure:2665: test -z 
			 || test ! -s conftest.err
configure:2668: $? = 0
configure:2671: test -s conftest.o
configure:2674: $? = 0
configure:2687: result: yes
configure:2693: checking whether gcc accepts -g
configure:2714: gcc -c -g  conftest.c >&5
configure:2720: $? = 0
configure:2724: test -z 
			 || test ! -s conftest.err
configure:2727: $? = 0
configure:2730: test -s conftest.o
configure:2733: $? = 0
configure:2744: result: yes
configure:2761: checking for gcc option to accept ANSI C
configure:2831: gcc  -c -g -O2  conftest.c >&5
configure:2837: $? = 0
configure:2841: test -z 
			 || test ! -s conftest.err
configure:2844: $? = 0
configure:2847: test -s conftest.o
configure:2850: $? = 0
configure:2868: result: none needed
configure:2886: gcc -c -g -O2  conftest.c >&5
conftest.c:2: error: syntax error before 'me'
configure:2892: $? = 1
configure: failed program was:
| #ifndef __cplusplus
|   choke me
| #endif
configure:3027: checking dependency style of gcc
configure:3089: result: gcc3
configure:3107: checking for library containing strerror
configure:3137: gcc -o conftest -g -O2   conftest.c  >&5
configure:3143: $? = 0
configure:3147: test -z 
			 || test ! -s conftest.err
configure:3150: $? = 0
configure:3153: test -s conftest
configure:3156: $? = 0
configure:3226: result: none required
configure:3280: checking for gcc
configure:3306: result: gcc
configure:3550: checking for C compiler version
configure:3553: gcc --version </dev/null >&5
i686-apple-darwin9-gcc-4.0.1 (GCC) 4.0.1 (Apple Inc. build 5484)
Copyright (C) 2005 Free Software Foundation, Inc.
This is free software; see the source for copying conditions.  There is NO
warranty; not even for MERCHANTABILITY or FITNESS FOR A PARTICULAR PURPOSE.

configure:3556: $? = 0
configure:3558: gcc -v </dev/null >&5
Using built-in specs.
Target: i686-apple-darwin9
Configured with: /var/tmp/gcc/gcc-5484~1/src/configure --disable-checking -enable-werror --prefix=/usr --mandir=/share/man --enable-languages=c,objc,c++,obj-c++ --program-transform-name=/^[cg][^.-]*$/s/$/-4.0/ --with-gxx-include-dir=/include/c++/4.0.0 --with-slibdir=/usr/lib --build=i686-apple-darwin9 --with-arch=apple --with-tune=generic --host=i686-apple-darwin9 --target=i686-apple-darwin9
Thread model: posix
gcc version 4.0.1 (Apple Inc. build 5484)
configure:3561: $? = 0
configure:3563: gcc -V </dev/null >&5
gcc-4.0: argument to `-V' is missing
configure:3566: $? = 1
configure:3569: checking whether we are using the GNU C compiler
configure:3625: result: yes
configure:3631: checking whether gcc accepts -g
configure:3682: result: yes
configure:3699: checking for gcc option to accept ANSI C
configure:3806: result: none needed
configure:3824: gcc -c   conftest.c >&5
conftest.c:2: error: syntax error before 'me'
configure:3830: $? = 1
configure: failed program was:
| #ifndef __cplusplus
|   choke me
| #endif
configure:3965: checking dependency style of gcc
configure:4027: result: gcc3
configure:4044: checking whether make sets $(MAKE)
configure:4064: result: yes
configure:4086: checking for a BSD-compatible install
configure:4141: result: /opt/local/bin/ginstall -c
configure:4152: checking whether ln -s works
configure:4156: result: yes
configure:4239: checking for a sed that does not truncate output
configure:4293: result: /usr/bin/sed
configure:4296: checking for egrep
configure:4306: result: grep -E
configure:4322: checking for ld used by gcc
configure:4389: result: /usr/libexec/gcc/i686-apple-darwin9/4.0.1/ld
configure:4398: checking if the linker (/usr/libexec/gcc/i686-apple-darwin9/4.0.1/ld) is GNU ld
configure:4413: result: no
configure:4418: checking for /usr/libexec/gcc/i686-apple-darwin9/4.0.1/ld option to reload object files
configure:4425: result: -r
configure:4434: checking for BSD-compatible nm
configure:4476: result: /usr/bin/nm -p
configure:4480: checking how to recognise dependent libraries
configure:4680: result: pass_all
configure:4893: checking how to run the C preprocessor
configure:4928: gcc -E  conftest.c
configure:4934: $? = 0
configure:4966: gcc -E  conftest.c
conftest.c:11:28: error: ac_nonexistent.h: No such file or directory
configure:4972: $? = 1
configure: failed program was:
| /* confdefs.h.  */
| 
| #define PACKAGE_NAME ""
| #define PACKAGE_TARNAME ""
| #define PACKAGE_VERSION ""
| #define PACKAGE_STRING ""
| #define PACKAGE_BUGREPORT ""
| #define PACKAGE "libdvdnav"
| #define VERSION "0.2.0cvs"
| /* end confdefs.h.  */
| #include <ac_nonexistent.h>
configure:5011: result: gcc -E
configure:5035: gcc -E  conftest.c
configure:5041: $? = 0
configure:5073: gcc -E  conftest.c
conftest.c:11:28: error: ac_nonexistent.h: No such file or directory
configure:5079: $? = 1
configure: failed program was:
| /* confdefs.h.  */
| 
| #define PACKAGE_NAME ""
| #define PACKAGE_TARNAME ""
| #define PACKAGE_VERSION ""
| #define PACKAGE_STRING ""
| #define PACKAGE_BUGREPORT ""
| #define PACKAGE "libdvdnav"
| #define VERSION "0.2.0cvs"
| /* end confdefs.h.  */
| #include <ac_nonexistent.h>
configure:5123: checking for ANSI C header files
configure:5148: gcc -c   conftest.c >&5
configure:5154: $? = 0
configure:5158: test -z 
			 || test ! -s conftest.err
configure:5161: $? = 0
configure:5164: test -s conftest.o
configure:5167: $? = 0
configure:5256: gcc -o conftest    conftest.c  >&5
conftest.c: In function 'main':
conftest.c:28: warning: incompatible implicit declaration of built-in function 'exit'
configure:5259: $? = 0
configure:5261: ./conftest
configure:5264: $? = 0
configure:5279: result: yes
configure:5303: checking for sys/types.h
configure:5319: gcc -c   conftest.c >&5
configure:5325: $? = 0
configure:5329: test -z 
			 || test ! -s conftest.err
configure:5332: $? = 0
configure:5335: test -s conftest.o
configure:5338: $? = 0
configure:5349: result: yes
configure:5303: checking for sys/stat.h
configure:5319: gcc -c   conftest.c >&5
configure:5325: $? = 0
configure:5329: test -z 
			 || test ! -s conftest.err
configure:5332: $? = 0
configure:5335: test -s conftest.o
configure:5338: $? = 0
configure:5349: result: yes
configure:5303: checking for stdlib.h
configure:5319: gcc -c   conftest.c >&5
configure:5325: $? = 0
configure:5329: test -z 
			 || test ! -s conftest.err
configure:5332: $? = 0
configure:5335: test -s conftest.o
configure:5338: $? = 0
configure:5349: result: yes
configure:5303: checking for string.h
configure:5319: gcc -c   conftest.c >&5
configure:5325: $? = 0
configure:5329: test -z 
			 || test ! -s conftest.err
configure:5332: $? = 0
configure:5335: test -s conftest.o
configure:5338: $? = 0
configure:5349: result: yes
configure:5303: checking for memory.h
configure:5319: gcc -c   conftest.c >&5
configure:5325: $? = 0
configure:5329: test -z 
			 || test ! -s conftest.err
configure:5332: $? = 0
configure:5335: test -s conftest.o
configure:5338: $? = 0
configure:5349: result: yes
configure:5303: checking for strings.h
configure:5319: gcc -c   conftest.c >&5
configure:5325: $? = 0
configure:5329: test -z 
			 || test ! -s conftest.err
configure:5332: $? = 0
configure:5335: test -s conftest.o
configure:5338: $? = 0
configure:5349: result: yes
configure:5303: checking for inttypes.h
configure:5319: gcc -c   conftest.c >&5
configure:5325: $? = 0
configure:5329: test -z 
			 || test ! -s conftest.err
configure:5332: $? = 0
configure:5335: test -s conftest.o
configure:5338: $? = 0
configure:5349: result: yes
configure:5303: checking for stdint.h
configure:5319: gcc -c   conftest.c >&5
configure:5325: $? = 0
configure:5329: test -z 
			 || test ! -s conftest.err
configure:5332: $? = 0
configure:5335: test -s conftest.o
configure:5338: $? = 0
configure:5349: result: yes
configure:5303: checking for unistd.h
configure:5319: gcc -c   conftest.c >&5
configure:5325: $? = 0
configure:5329: test -z 
			 || test ! -s conftest.err
configure:5332: $? = 0
configure:5335: test -s conftest.o
configure:5338: $? = 0
configure:5349: result: yes
configure:5375: checking dlfcn.h usability
configure:5387: gcc -c   conftest.c >&5
configure:5393: $? = 0
configure:5397: test -z 
			 || test ! -s conftest.err
configure:5400: $? = 0
configure:5403: test -s conftest.o
configure:5406: $? = 0
configure:5416: result: yes
configure:5420: checking dlfcn.h presence
configure:5430: gcc -E  conftest.c
configure:5436: $? = 0
configure:5456: result: yes
configure:5491: checking for dlfcn.h
configure:5498: result: yes
configure:5563: checking for g++
configure:5579: found /usr/bin/g++
configure:5589: result: g++
configure:5605: checking for C++ compiler version
configure:5608: g++ --version </dev/null >&5
i686-apple-darwin9-g++-4.0.1 (GCC) 4.0.1 (Apple Inc. build 5484)
Copyright (C) 2005 Free Software Foundation, Inc.
This is free software; see the source for copying conditions.  There is NO
warranty; not even for MERCHANTABILITY or FITNESS FOR A PARTICULAR PURPOSE.

configure:5611: $? = 0
configure:5613: g++ -v </dev/null >&5
Using built-in specs.
Target: i686-apple-darwin9
Configured with: /var/tmp/gcc/gcc-5484~1/src/configure --disable-checking -enable-werror --prefix=/usr --mandir=/share/man --enable-languages=c,objc,c++,obj-c++ --program-transform-name=/^[cg][^.-]*$/s/$/-4.0/ --with-gxx-include-dir=/include/c++/4.0.0 --with-slibdir=/usr/lib --build=i686-apple-darwin9 --with-arch=apple --with-tune=generic --host=i686-apple-darwin9 --target=i686-apple-darwin9
Thread model: posix
gcc version 4.0.1 (Apple Inc. build 5484)
configure:5616: $? = 0
configure:5618: g++ -V </dev/null >&5
g++-4.0: argument to `-V' is missing
configure:5621: $? = 1
configure:5624: checking whether we are using the GNU C++ compiler
configure:5648: g++ -c   conftest.cc >&5
configure:5654: $? = 0
configure:5658: test -z 
			 || test ! -s conftest.err
configure:5661: $? = 0
configure:5664: test -s conftest.o
configure:5667: $? = 0
configure:5680: result: yes
configure:5686: checking whether g++ accepts -g
configure:5707: g++ -c -g  conftest.cc >&5
configure:5713: $? = 0
configure:5717: test -z 
			 || test ! -s conftest.err
configure:5720: $? = 0
configure:5723: test -s conftest.o
configure:5726: $? = 0
configure:5737: result: yes
configure:5779: g++ -c -g -O2  conftest.cc >&5
configure:5785: $? = 0
configure:5789: test -z 
			 || test ! -s conftest.err
configure:5792: $? = 0
configure:5795: test -s conftest.o
configure:5798: $? = 0
configure:5824: g++ -c -g -O2  conftest.cc >&5
conftest.cc: In function 'int main()':
conftest.cc:26: error: 'exit' was not declared in this scope
configure:5830: $? = 1
configure: failed program was:
| /* confdefs.h.  */
| 
| #define PACKAGE_NAME ""
| #define PACKAGE_TARNAME ""
| #define PACKAGE_VERSION ""
| #define PACKAGE_STRING ""
| #define PACKAGE_BUGREPORT ""
| #define PACKAGE "libdvdnav"
| #define VERSION "0.2.0cvs"
| #define STDC_HEADERS 1
| #define HAVE_SYS_TYPES_H 1
| #define HAVE_SYS_STAT_H 1
| #define HAVE_STDLIB_H 1
| #define HAVE_STRING_H 1
| #define HAVE_MEMORY_H 1
| #define HAVE_STRINGS_H 1
| #define HAVE_INTTYPES_H 1
| #define HAVE_STDINT_H 1
| #define HAVE_UNISTD_H 1
| #define HAVE_DLFCN_H 1
| /* end confdefs.h.  */
| 
| int
| main ()
| {
| exit (42);
|   ;
|   return 0;
| }
configure:5779: g++ -c -g -O2  conftest.cc >&5
/usr/include/stdlib.h:159: error: declaration of 'void std::exit(int)' throws different exceptions
conftest.cc:22: error: than previous declaration 'void std::exit(int) throw ()'
configure:5785: $? = 1
configure: failed program was:
| /* confdefs.h.  */
| 
| #define PACKAGE_NAME ""
| #define PACKAGE_TARNAME ""
| #define PACKAGE_VERSION ""
| #define PACKAGE_STRING ""
| #define PACKAGE_BUGREPORT ""
| #define PACKAGE "libdvdnav"
| #define VERSION "0.2.0cvs"
| #define STDC_HEADERS 1
| #define HAVE_SYS_TYPES_H 1
| #define HAVE_SYS_STAT_H 1
| #define HAVE_STDLIB_H 1
| #define HAVE_STRING_H 1
| #define HAVE_MEMORY_H 1
| #define HAVE_STRINGS_H 1
| #define HAVE_INTTYPES_H 1
| #define HAVE_STDINT_H 1
| #define HAVE_UNISTD_H 1
| #define HAVE_DLFCN_H 1
| /* end confdefs.h.  */
| extern "C" void std::exit (int) throw (); using std::exit;
| #include <stdlib.h>
| int
| main ()
| {
| exit (42);
|   ;
|   return 0;
| }
configure:5779: g++ -c -g -O2  conftest.cc >&5
configure:5785: $? = 0
configure:5789: test -z 
			 || test ! -s conftest.err
configure:5792: $? = 0
configure:5795: test -s conftest.o
configure:5798: $? = 0
configure:5824: g++ -c -g -O2  conftest.cc >&5
configure:5830: $? = 0
configure:5834: test -z 
			 || test ! -s conftest.err
configure:5837: $? = 0
configure:5840: test -s conftest.o
configure:5843: $? = 0
configure:5868: checking dependency style of g++
configure:5930: result: gcc3
configure:5952: checking how to run the C++ preprocessor
configure:5983: g++ -E  conftest.cc
configure:5989: $? = 0
configure:6021: g++ -E  conftest.cc
conftest.cc:25:28: error: ac_nonexistent.h: No such file or directory
configure:6027: $? = 1
configure: failed program was:
| /* confdefs.h.  */
| 
| #define PACKAGE_NAME ""
| #define PACKAGE_TARNAME ""
| #define PACKAGE_VERSION ""
| #define PACKAGE_STRING ""
| #define PACKAGE_BUGREPORT ""
| #define PACKAGE "libdvdnav"
| #define VERSION "0.2.0cvs"
| #define STDC_HEADERS 1
| #define HAVE_SYS_TYPES_H 1
| #define HAVE_SYS_STAT_H 1
| #define HAVE_STDLIB_H 1
| #define HAVE_STRING_H 1
| #define HAVE_MEMORY_H 1
| #define HAVE_STRINGS_H 1
| #define HAVE_INTTYPES_H 1
| #define HAVE_STDINT_H 1
| #define HAVE_UNISTD_H 1
| #define HAVE_DLFCN_H 1
| #ifdef __cplusplus
| extern "C" void std::exit (int); using std::exit;
| #endif
| /* end confdefs.h.  */
| #include <ac_nonexistent.h>
configure:6066: result: g++ -E
configure:6090: g++ -E  conftest.cc
configure:6096: $? = 0
configure:6128: g++ -E  conftest.cc
conftest.cc:25:28: error: ac_nonexistent.h: No such file or directory
configure:6134: $? = 1
configure: failed program was:
| /* confdefs.h.  */
| 
| #define PACKAGE_NAME ""
| #define PACKAGE_TARNAME ""
| #define PACKAGE_VERSION ""
| #define PACKAGE_STRING ""
| #define PACKAGE_BUGREPORT ""
| #define PACKAGE "libdvdnav"
| #define VERSION "0.2.0cvs"
| #define STDC_HEADERS 1
| #define HAVE_SYS_TYPES_H 1
| #define HAVE_SYS_STAT_H 1
| #define HAVE_STDLIB_H 1
| #define HAVE_STRING_H 1
| #define HAVE_MEMORY_H 1
| #define HAVE_STRINGS_H 1
| #define HAVE_INTTYPES_H 1
| #define HAVE_STDINT_H 1
| #define HAVE_UNISTD_H 1
| #define HAVE_DLFCN_H 1
| #ifdef __cplusplus
| extern "C" void std::exit (int); using std::exit;
| #endif
| /* end confdefs.h.  */
| #include <ac_nonexistent.h>
configure:6229: checking for g77
configure:6258: result: no
configure:6229: checking for f77
configure:6258: result: no
configure:6229: checking for xlf
configure:6258: result: no
configure:6229: checking for frt
configure:6258: result: no
configure:6229: checking for pgf77
configure:6258: result: no
configure:6229: checking for fort77
configure:6258: result: no
configure:6229: checking for fl32
configure:6258: result: no
configure:6229: checking for af77
configure:6258: result: no
configure:6229: checking for f90
configure:6258: result: no
configure:6229: checking for xlf90
configure:6258: result: no
configure:6229: checking for pgf90
configure:6258: result: no
configure:6229: checking for epcf90
configure:6258: result: no
configure:6229: checking for f95
configure:6258: result: no
configure:6229: checking for fort
configure:6258: result: no
configure:6229: checking for xlf95
configure:6258: result: no
configure:6229: checking for ifc
configure:6258: result: no
configure:6229: checking for efc
configure:6258: result: no
configure:6229: checking for pgf95
configure:6258: result: no
configure:6229: checking for lf95
configure:6258: result: no
configure:6229: checking for gfortran
configure:6258: result: no
configure:6270: checking for Fortran 77 compiler version
configure:6273:  --version </dev/null >&5
./configure: line 6274: --version: command not found
configure:6276: $? = 127
configure:6278:  -v </dev/null >&5
./configure: line 6279: -v: command not found
configure:6281: $? = 127
configure:6283:  -V </dev/null >&5
./configure: line 6284: -V: command not found
configure:6286: $? = 127
configure:6294: checking whether we are using the GNU Fortran 77 compiler
configure:6308:  -c  conftest.F >&5
./configure: line 6309: -c: command not found
configure:6314: $? = 127
configure: failed program was:
|       program main
| #ifndef __GNUC__
|        choke me
| #endif
| 
|       end
configure:6340: result: no
configure:6346: checking whether  accepts -g
configure:6358:  -c -g conftest.f >&5
./configure: line 6359: -c: command not found
configure:6364: $? = 127
configure: failed program was:
|       program main
| 
|       end
configure:6389: result: no
configure:6419: checking the maximum length of command line arguments
configure:6478: result: 65536
configure:6489: checking command to parse /usr/bin/nm -p output from gcc object
configure:6578: gcc -c   conftest.c >&5
configure:6581: $? = 0
configure:6585: /usr/bin/nm -p conftest.o \| sed -n -e 's/^.*[ 	]\([BCDEGRST][BCDEGRST]*\)[ 	][ 	]*\(\)\([_A-Za-z][_A-Za-z0-9]*\)$/\1 \2\3 \3/p' \> conftest.nm
configure:6588: $? = 0
cannot find nm_test_var in conftest.nm
configure:6578: gcc -c   conftest.c >&5
configure:6581: $? = 0
configure:6585: /usr/bin/nm -p conftest.o \| sed -n -e 's/^.*[ 	]\([BCDEGRST][BCDEGRST]*\)[ 	][ 	]*\(_\)\([_A-Za-z][_A-Za-z0-9]*\)$/\1 \2\3 \3/p' \> conftest.nm
configure:6588: $? = 0
configure:6640: gcc -o conftest    conftest.c conftstm.o >&5
configure:6643: $? = 0
configure:6681: result: ok
configure:6685: checking for objdir
configure:6700: result: .libs
configure:6790: checking for ar
configure:6806: found /usr/bin/ar
configure:6817: result: ar
configure:6870: checking for ranlib
configure:6886: found /usr/bin/ranlib
configure:6897: result: ranlib
configure:6950: checking for strip
configure:6966: found /usr/bin/strip
configure:6977: result: strip
configure:7239: checking if gcc static flag  works
configure:7262: result: yes
configure:7279: checking if gcc supports -fno-rtti -fno-exceptions
configure:7297: gcc -c   -fno-rtti -fno-exceptions conftest.c >&5
cc1: warning: command line option "-fno-rtti" is valid for C++/ObjC++ but not for C
configure:7301: $? = 0
configure:7312: result: no
configure:7327: checking for gcc option to produce PIC
configure:7504: result: -fno-common
configure:7511: checking if gcc PIC flag -fno-common works
configure:7529: gcc -c   -fno-common -DPIC conftest.c >&5
configure:7533: $? = 0
configure:7544: result: yes
configure:7568: checking if gcc supports -c -o file.o
configure:7596: gcc -c   -o out/conftest2.o conftest.c >&5
configure:7600: $? = 0
configure:7617: result: yes
configure:7643: checking whether the gcc linker (/usr/libexec/gcc/i686-apple-darwin9/4.0.1/ld) supports shared libraries
configure:8457: result: yes
configure:8528: checking how to hardcode library paths into programs
configure:8553: result: immediate
configure:8567: checking whether stripping libraries is possible
configure:8580: result: yes
configure:8594: checking dynamic linker characteristics
configure:9105: result: darwin9.3.0 dyld
configure:9136: checking for dlopen in -ldl
configure:9166: gcc -o conftest    conftest.c -ldl   >&5
configure:9172: $? = 0
configure:9176: test -z 
			 || test ! -s conftest.err
configure:9179: $? = 0
configure:9182: test -s conftest
configure:9185: $? = 0
configure:9198: result: yes
configure:9703: checking whether a program can dlopen itself
configure:9775: gcc -o conftest   -DHAVE_DLFCN_H   conftest.c -ldl  >&5
configure: In function 'main':
configure:9771: warning: incompatible implicit declaration of built-in function 'exit'
configure:9778: $? = 0
configure:9796: result: yes
configure:9801: checking whether a statically linked program can dlopen itself
configure:9873: gcc -o conftest   -DHAVE_DLFCN_H    conftest.c -ldl  >&5
configure: In function 'main':
configure:9869: warning: incompatible implicit declaration of built-in function 'exit'
configure:9876: $? = 0
configure:9894: result: yes
configure:9917: checking if libtool supports shared libraries
configure:9919: result: yes
configure:9922: checking whether to build shared libraries
configure:9971: result: yes
configure:9974: checking whether to build static libraries
configure:9978: result: no
configure:10069: creating libtool
configure:10613: checking for ld used by g++
configure:10680: result: /usr/libexec/gcc/i686-apple-darwin9/4.0.1/ld
configure:10689: checking if the linker (/usr/libexec/gcc/i686-apple-darwin9/4.0.1/ld) is GNU ld
configure:10704: result: no
configure:10755: checking whether the g++ linker (/usr/libexec/gcc/i686-apple-darwin9/4.0.1/ld) supports shared libraries
configure:11570: result: yes
configure:11588: g++ -c -g -O2  conftest.cc >&5
configure:11591: $? = 0
configure:11687: checking for g++ option to produce PIC
configure:11939: result: -fno-common
configure:11946: checking if g++ PIC flag -fno-common works
configure:11964: g++ -c -g -O2  -fno-common -DPIC conftest.cc >&5
configure:11968: $? = 0
configure:11979: result: yes
configure:12003: checking if g++ supports -c -o file.o
configure:12031: g++ -c -g -O2  -o out/conftest2.o conftest.cc >&5
configure:12035: $? = 0
configure:12052: result: yes
configure:12078: checking whether the g++ linker (/usr/libexec/gcc/i686-apple-darwin9/4.0.1/ld) supports shared libraries
configure:12103: result: yes
configure:12174: checking how to hardcode library paths into programs
configure:12199: result: immediate
configure:12213: checking whether stripping libraries is possible
configure:12226: result: yes
configure:12240: checking dynamic linker characteristics
configure:12751: result: darwin9.3.0 dyld
configure:12782: checking for dlopen in -ldl
configure:12844: result: yes
configure:13349: checking whether a program can dlopen itself
configure:13442: result: yes
configure:13447: checking whether a statically linked program can dlopen itself
configure:13540: result: yes
configure:19838: checking for ANSI C header files
configure:19994: result: yes
configure:20005: checking for unistd.h
configure:20010: result: yes
configure:20144: checking for string.h
configure:20149: result: yes
configure:20283: checking for an ANSI C-conforming const
configure:20350: gcc -c   conftest.c >&5
configure:20356: $? = 0
configure:20360: test -z 
			 || test ! -s conftest.err
configure:20363: $? = 0
configure:20366: test -s conftest.o
configure:20369: $? = 0
configure:20380: result: yes
configure:20390: checking for inline
configure:20411: gcc -c   conftest.c >&5
configure:20417: $? = 0
configure:20421: test -z 
			 || test ! -s conftest.err
configure:20424: $? = 0
configure:20427: test -s conftest.o
configure:20430: $? = 0
configure:20442: result: inline
configure:20461: checking for off_t
configure:20485: gcc -c   conftest.c >&5
configure:20491: $? = 0
configure:20495: test -z 
			 || test ! -s conftest.err
configure:20498: $? = 0
configure:20501: test -s conftest.o
configure:20504: $? = 0
configure:20515: result: yes
configure:20527: checking for size_t
configure:20551: gcc -c   conftest.c >&5
configure:20557: $? = 0
configure:20561: test -z 
			 || test ! -s conftest.err
configure:20564: $? = 0
configure:20567: test -s conftest.o
configure:20570: $? = 0
configure:20581: result: yes
configure:20593: checking whether byte ordering is bigendian
configure:20620: gcc -c   conftest.c >&5
configure:20626: $? = 0
configure:20630: test -z 
			 || test ! -s conftest.err
configure:20633: $? = 0
configure:20636: test -s conftest.o
configure:20639: $? = 0
configure:20663: gcc -c   conftest.c >&5
conftest.c: In function 'main':
conftest.c:33: error: 'not' undeclared (first use in this function)
conftest.c:33: error: (Each undeclared identifier is reported only once
conftest.c:33: error: for each function it appears in.)
conftest.c:33: error: syntax error before 'big'
configure:20669: $? = 1
configure: failed program was:
| /* confdefs.h.  */
| 
| #define PACKAGE_NAME ""
| #define PACKAGE_TARNAME ""
| #define PACKAGE_VERSION ""
| #define PACKAGE_STRING ""
| #define PACKAGE_BUGREPORT ""
| #define PACKAGE "libdvdnav"
| #define VERSION "0.2.0cvs"
| #define STDC_HEADERS 1
| #define HAVE_SYS_TYPES_H 1
| #define HAVE_SYS_STAT_H 1
| #define HAVE_STDLIB_H 1
| #define HAVE_STRING_H 1
| #define HAVE_MEMORY_H 1
| #define HAVE_STRINGS_H 1
| #define HAVE_INTTYPES_H 1
| #define HAVE_STDINT_H 1
| #define HAVE_UNISTD_H 1
| #define HAVE_DLFCN_H 1
| #ifdef __cplusplus
| extern "C" void std::exit (int); using std::exit;
| #endif
| #define STDC_HEADERS 1
| /* end confdefs.h.  */
| #include <sys/types.h>
| #include <sys/param.h>
| 
| int
| main ()
| {
| #if BYTE_ORDER != BIG_ENDIAN
|  not big endian
| #endif
| 
|   ;
|   return 0;
| }
configure:20804: result: no
configure:20833: checking for pthread_create in -lpthread
configure:20863: gcc -o conftest    conftest.c -lpthread   >&5
configure:20869: $? = 0
configure:20873: test -z 
			 || test ! -s conftest.err
configure:20876: $? = 0
configure:20879: test -s conftest
configure:20882: $? = 0
configure:20895: result: yes
configure:20919: checking for dlopen in -lc
configure:20949: gcc -o conftest    conftest.c -lc   >&5
configure:20955: $? = 0
configure:20959: test -z 
			 || test ! -s conftest.err
configure:20962: $? = 0
configure:20965: test -s conftest
configure:20968: $? = 0
configure:20981: result: yes
configure:21100: checking for doxygen
configure:21116: found /opt/local/bin/doxygen
configure:21127: result: doxygen
configure:21274: creating ./config.status

## ---------------------- ##
## Running config.status. ##
## ---------------------- ##

This file was extended by config.status, which was
generated by GNU Autoconf 2.59.  Invocation command line was

  CONFIG_FILES    = 
  CONFIG_HEADERS  = 
  CONFIG_LINKS    = 
  CONFIG_COMMANDS = 
  $ ./config.status 

on mackie.leafmunchers.org

config.status:746: creating Makefile
config.status:746: creating src/Makefile
config.status:746: creating src/dvdread/Makefile
config.status:746: creating src/vm/Makefile
config.status:746: creating misc/Makefile
config.status:746: creating misc/dvdnav-config
config.status:746: creating misc/libdvdnav.spec
config.status:746: creating misc/relchk.sh
config.status:746: creating m4/Makefile
config.status:746: creating doc/Makefile
config.status:746: creating examples/Makefile
config.status:850: creating config.h
config.status:960: config.h is unchanged
config.status:1131: executing depfiles commands

## ---------------- ##
## Cache variables. ##
## ---------------- ##

ac_cv_build=i686-apple-darwin9.3.0
ac_cv_build_alias=i686-apple-darwin9.3.0
ac_cv_c_bigendian=no
ac_cv_c_compiler_gnu=yes
ac_cv_c_const=yes
ac_cv_c_inline=inline
ac_cv_cxx_compiler_gnu=yes
ac_cv_env_CC_set=
ac_cv_env_CC_value=
ac_cv_env_CFLAGS_set=
ac_cv_env_CFLAGS_value=
ac_cv_env_CPPFLAGS_set=
ac_cv_env_CPPFLAGS_value=
ac_cv_env_CPP_set=
ac_cv_env_CPP_value=
ac_cv_env_CXXCPP_set=
ac_cv_env_CXXCPP_value=
ac_cv_env_CXXFLAGS_set=
ac_cv_env_CXXFLAGS_value=
ac_cv_env_CXX_set=
ac_cv_env_CXX_value=
ac_cv_env_F77_set=
ac_cv_env_F77_value=
ac_cv_env_FFLAGS_set=
ac_cv_env_FFLAGS_value=
ac_cv_env_LDFLAGS_set=
ac_cv_env_LDFLAGS_value=
ac_cv_env_build_alias_set=
ac_cv_env_build_alias_value=
ac_cv_env_host_alias_set=
ac_cv_env_host_alias_value=
ac_cv_env_target_alias_set=
ac_cv_env_target_alias_value=
ac_cv_exeext=
ac_cv_f77_compiler_gnu=no
ac_cv_header_dlfcn_h=yes
ac_cv_header_inttypes_h=yes
ac_cv_header_memory_h=yes
ac_cv_header_stdc=yes
ac_cv_header_stdint_h=yes
ac_cv_header_stdlib_h=yes
ac_cv_header_string_h=yes
ac_cv_header_strings_h=yes
ac_cv_header_sys_stat_h=yes
ac_cv_header_sys_types_h=yes
ac_cv_header_unistd_h=yes
ac_cv_host=i686-apple-darwin9.3.0
ac_cv_host_alias=i686-apple-darwin9.3.0
ac_cv_lib_c_dlopen=yes
ac_cv_lib_dl_dlopen=yes
ac_cv_lib_pthread_pthread_create=yes
ac_cv_objext=o
ac_cv_path_install='/opt/local/bin/ginstall -c'
ac_cv_prog_AWK=gawk
ac_cv_prog_CPP='gcc -E'
ac_cv_prog_CXXCPP='g++ -E'
ac_cv_prog_DOXYGEN=doxygen
ac_cv_prog_ac_ct_AR=ar
ac_cv_prog_ac_ct_CC=gcc
ac_cv_prog_ac_ct_CXX=g++
ac_cv_prog_ac_ct_RANLIB=ranlib
ac_cv_prog_ac_ct_STRIP=strip
ac_cv_prog_cc_g=yes
ac_cv_prog_cc_stdc=
ac_cv_prog_cxx_g=yes
ac_cv_prog_egrep='grep -E'
ac_cv_prog_f77_g=no
ac_cv_prog_make_make_set=yes
ac_cv_search_strerror='none required'
ac_cv_target=i686-apple-darwin9.3.0
ac_cv_target_alias=i686-apple-darwin9.3.0
ac_cv_type_off_t=yes
ac_cv_type_size_t=yes
am_cv_CC_dependencies_compiler_type=gcc3
am_cv_CXX_dependencies_compiler_type=gcc3
lt_cv_deplibs_check_method=pass_all
lt_cv_dlopen=dlopen
lt_cv_dlopen_libs=-ldl
lt_cv_dlopen_self=yes
lt_cv_dlopen_self_static=yes
lt_cv_file_magic_cmd='/usr/bin/file -L'
lt_cv_file_magic_test_file=/usr/lib/libSystem.dylib
lt_cv_ld_reload_flag=-r
lt_cv_objdir=.libs
lt_cv_path_LD=/usr/libexec/gcc/i686-apple-darwin9/4.0.1/ld
lt_cv_path_LDCXX=/usr/libexec/gcc/i686-apple-darwin9/4.0.1/ld
lt_cv_path_NM='/usr/bin/nm -p'
lt_cv_path_SED=/usr/bin/sed
lt_cv_prog_compiler_c_o=yes
lt_cv_prog_compiler_c_o_CXX=yes
lt_cv_prog_compiler_rtti_exceptions=no
lt_cv_prog_gnu_ld=no
lt_cv_prog_gnu_ldcxx=no
lt_cv_sys_global_symbol_pipe='sed -n -e '\''s/^.*[ 	]\([BCDEGRST][BCDEGRST]*\)[ 	][ 	]*\(_\)\([_A-Za-z][_A-Za-z0-9]*\)$/\1 \2\3 \3/p'\'''
lt_cv_sys_global_symbol_to_c_name_address='sed -n -e '\''s/^: \([^ ]*\) $/  {\"\1\", (lt_ptr) 0},/p'\'' -e '\''s/^[BCDEGRST] \([^ ]*\) \([^ ]*\)$/  {"\2", (lt_ptr) \&\2},/p'\'''
lt_cv_sys_global_symbol_to_cdecl='sed -n -e '\''s/^. .* \(.*\)$/extern int \1;/p'\'''
lt_cv_sys_max_cmd_len=65536
lt_lt_cv_prog_compiler_c_o='"yes"'
lt_lt_cv_prog_compiler_c_o_CXX='"yes"'
lt_lt_cv_sys_global_symbol_pipe='"sed -n -e '\''s/^.*[ 	]\\([BCDEGRST][BCDEGRST]*\\)[ 	][ 	]*\\(_\\)\\([_A-Za-z][_A-Za-z0-9]*\\)\$/\\1 \\2\\3 \\3/p'\''"'
lt_lt_cv_sys_global_symbol_to_c_name_address='"sed -n -e '\''s/^: \\([^ ]*\\) \$/  {\\\"\\1\\\", (lt_ptr) 0},/p'\'' -e '\''s/^[BCDEGRST] \\([^ ]*\\) \\([^ ]*\\)\$/  {\"\\2\", (lt_ptr) \\&\\2},/p'\''"'
lt_lt_cv_sys_global_symbol_to_cdecl='"sed -n -e '\''s/^. .* \\(.*\\)\$/extern int \\1;/p'\''"'

## ----------------- ##
## Output variables. ##
## ----------------- ##

ACLOCAL='${SHELL} /Volumes/Whopper/Users/elan/Code/C++/Eclipse/XBMC-Sources-Fork/dvdplayer/libdvdnav/libdvdnav/missing --run aclocal-1.7'
ACLOCAL_DIR=''
AMDEPBACKSLASH='\'
AMDEP_FALSE='#'
AMDEP_TRUE=''
AMTAR='${SHELL} /Volumes/Whopper/Users/elan/Code/C++/Eclipse/XBMC-Sources-Fork/dvdplayer/libdvdnav/libdvdnav/missing --run tar'
AR='ar'
AUTOCONF='${SHELL} /Volumes/Whopper/Users/elan/Code/C++/Eclipse/XBMC-Sources-Fork/dvdplayer/libdvdnav/libdvdnav/missing --run autoconf'
AUTOHEADER='${SHELL} /Volumes/Whopper/Users/elan/Code/C++/Eclipse/XBMC-Sources-Fork/dvdplayer/libdvdnav/libdvdnav/missing --run autoheader'
AUTOMAKE='${SHELL} /Volumes/Whopper/Users/elan/Code/C++/Eclipse/XBMC-Sources-Fork/dvdplayer/libdvdnav/libdvdnav/missing --run automake-1.7'
AWK='gawk'
CC='gcc'
CCDEPMODE='depmode=gcc3'
CFLAGS='-g -D_XBOX -O3 -D_FILE_OFFSET_BITS=64 -D_LARGEFILE64_SOURCE '
CPP='gcc -E'
CPPFLAGS=''
CXX='g++'
CXXCPP='g++ -E'
CXXDEPMODE='depmode=gcc3'
CXXFLAGS='-g -O2'
CYGPATH_W='echo'
DEBUG_CFLAGS='-g -DDEBUG -g -D_XBOX -O3 -D_FILE_OFFSET_BITS=64 -D_LARGEFILE64_SOURCE '
DEFS='-DHAVE_CONFIG_H'
DEPCOMP='depcomp'
DEPDIR='.deps'
DOXYGEN='doxygen'
DVDNAV_LT_AGE='1'
DVDNAV_LT_CURRENT='5'
DVDNAV_LT_REVISION='0'
DVDNAV_MAJOR='0'
DVDNAV_MINOR='2'
DVDNAV_SUB='0'
DYNAMIC_LD_LIBS=''
ECHO='/bin/echo'
ECHO_C='ECHO_N=''
ECHO_T=''
EGREP='grep -E'
EXEEXT=''
F77=''
FFLAGS=''
INCLUDES='-I$(top_srcdir) $(DVDNAV_CFLAGS)'
INSTALL_DATA='${INSTALL} -m 644'
INSTALL_M4_FALSE=''
INSTALL_M4_TRUE='#'
INSTALL_PROGRAM='${INSTALL}'
INSTALL_SCRIPT='${INSTALL}'
INSTALL_STRIP_PROGRAM='${SHELL} $(install_sh) -c -s'
LDFLAGS=''
LIBNAME='libdvdnav0'
LIBOBJS=''
LIBS=''
LIBTOOL='$(SHELL) $(top_builddir)/libtool'
LIBTOOL_DEPS='./ltmain.sh'
LN_S='ln -s'
LTLIBOBJS=''
MAKEINFO='${SHELL} /Volumes/Whopper/Users/elan/Code/C++/Eclipse/XBMC-Sources-Fork/dvdplayer/libdvdnav/libdvdnav/missing --run makeinfo'
OBJEXT='o'
PACKAGE='libdvdnav'
PACKAGE_BUGREPORT=''
PACKAGE_NAME=''
PACKAGE_STRING=''
PACKAGE_TARNAME=''
PACKAGE_VERSION=''
PATH_SEPARATOR=':'
RANLIB='ranlib'
RELEASE='1'
SET_MAKE=''
SHELL='/bin/sh'
SPEC_VERSION='0.2.0cvs'
STATIC=''
STRIP='strip'
TAR_NAME='libdvdnav-0.2.0cvs'
THREAD_CFLAGS=''
THREAD_LIBS='-lpthread'
VERSION='0.2.0cvs'
ac_ct_AR='ar'
ac_ct_CC='gcc'
ac_ct_CXX='g++'
ac_ct_F77=''
ac_ct_RANLIB='ranlib'
ac_ct_STRIP='strip'
am__fastdepCC_FALSE='#'
am__fastdepCC_TRUE=''
am__fastdepCXX_FALSE='#'
am__fastdepCXX_TRUE=''
am__include='include'
am__quote=''
bindir='${exec_prefix}/bin'
build='i686-apple-darwin9.3.0'
build_alias=''
build_cpu='i686'
build_os='darwin9.3.0'
build_vendor='apple'
datadir='${prefix}/share'
exec_prefix='${prefix}'
host='i686-apple-darwin9.3.0'
host_alias=''
host_cpu='i686'
host_os='darwin9.3.0'
host_vendor='apple'
includedir='${prefix}/include'
infodir='${prefix}/info'
install_sh='/Volumes/Whopper/Users/elan/Code/C++/Eclipse/XBMC-Sources-Fork/dvdplayer/libdvdnav/libdvdnav/install-sh'
libdir='${exec_prefix}/lib'
libexecdir='${exec_prefix}/libexec'
localstatedir='${prefix}/var'
mandir='${prefix}/man'
oldincludedir='/usr/include'
prefix='/usr/local'
program_transform_name='s,x,x,'
sbindir='${exec_prefix}/sbin'
sharedstatedir='${prefix}/com'
sysconfdir='${prefix}/etc'
target='i686-apple-darwin9.3.0'
target_alias=''
target_cpu='i686'
target_os='darwin9.3.0'
target_vendor='apple'

## ----------- ##
## confdefs.h. ##
## ----------- ##

#define HAVE_DLFCN_H 1
#define HAVE_INTTYPES_H 1
#define HAVE_MEMORY_H 1
#define HAVE_STDINT_H 1
#define HAVE_STDLIB_H 1
#define HAVE_STRINGS_H 1
#define HAVE_STRING_H 1
#define HAVE_SYS_STAT_H 1
#define HAVE_SYS_TYPES_H 1
#define HAVE_UNISTD_H 1
#define PACKAGE "libdvdnav"
#define PACKAGE_BUGREPORT ""
#define PACKAGE_NAME ""
#define PACKAGE_STRING ""
#define PACKAGE_TARNAME ""
#define PACKAGE_VERSION ""
#define STDC_HEADERS 1
#define STDC_HEADERS 1
#define VERSION "0.2.0cvs"
#endif
#ifdef __cplusplus
extern "C" void std::exit (int); using std::exit;

configure: exit 0
